Log file open, 11/01/22 13:38:37
LogWindows: Failed to load 'aqProf.dll' (GetLastError=126)
LogWindows: File 'aqProf.dll' does not exist
LogWindows: Failed to load 'VtuneApi.dll' (GetLastError=126)
LogWindows: File 'VtuneApi.dll' does not exist
LogWindows: Failed to load 'VtuneApi32e.dll' (GetLastError=126)
LogWindows: File 'VtuneApi32e.dll' does not exist
LogConsoleResponse: Display: Failed to find resolution value strings in scalability ini. Falling back to default.
LogConsoleResponse: Display: Failed to find resolution value strings in scalability ini. Falling back to default.
LogInit: Display: Running engine for game: CS415FinalProject
LogPlatformFile: Not using cached read wrapper
LogTaskGraph: Started task graph with 5 named threads and 23 total threads with 3 sets of task threads.
LogStats: Stats thread started at 0.326980
LogICUInternationalization: ICU TimeZone Detection - Raw Offset: -6:00, Platform Override: ''
LogInit: Display: Loading text-based GConfig....
LogPluginManager: Mounting plugin MeshPainting
LogPluginManager: Mounting plugin XGEController
LogPluginManager: Mounting plugin Paper2D
LogPluginManager: Mounting plugin AISupport
LogPluginManager: Mounting plugin EnvironmentQueryEditor
LogPluginManager: Mounting plugin LightPropagationVolume
LogPluginManager: Mounting plugin CameraShakePreviewer
LogPluginManager: Mounting plugin GameplayCameras
LogPluginManager: Mounting plugin OodleData
LogPluginManager: Mounting plugin LiveLink
LogPluginManager: Mounting plugin OodleNetwork
LogPluginManager: Mounting plugin AnimationSharing
LogPluginManager: Mounting plugin CodeLiteSourceCodeAccess
LogPluginManager: Mounting plugin CLionSourceCodeAccess
LogPluginManager: Mounting plugin GitSourceControl
LogPluginManager: Mounting plugin KDevelopSourceCodeAccess
LogPluginManager: Mounting plugin NullSourceCodeAccess
LogPluginManager: Mounting plugin PerforceSourceControl
LogPluginManager: Mounting plugin PixWinPlugin
LogPluginManager: Mounting plugin PlasticSourceControl
LogPluginManager: Mounting plugin PluginUtils
LogPluginManager: Mounting plugin PropertyAccessNode
LogPluginManager: Mounting plugin RiderSourceCodeAccess
LogPluginManager: Mounting plugin TextureFormatOodle
LogPluginManager: Mounting plugin SubversionSourceControl
LogPluginManager: Mounting plugin UObjectPlugin
LogPluginManager: Mounting plugin VisualStudioCodeSourceCodeAccess
LogPluginManager: Mounting plugin VisualStudioSourceCodeAccess
LogPluginManager: Mounting plugin XCodeSourceCodeAccess
LogPluginManager: Mounting plugin AssetManagerEditor
LogPluginManager: Mounting plugin CryptoKeys
LogPluginManager: Mounting plugin CurveEditorTools
LogPluginManager: Mounting plugin DataValidation
LogPluginManager: Mounting plugin FacialAnimation
LogPluginManager: Mounting plugin GameplayTagsEditor
LogPluginManager: Mounting plugin GeometryMode
LogPluginManager: Mounting plugin MacGraphicsSwitching
LogPluginManager: Mounting plugin MaterialAnalyzer
LogPluginManager: Mounting plugin MobileLauncherProfileWizard
LogPluginManager: Mounting plugin PluginBrowser
LogPluginManager: Mounting plugin SpeedTreeImporter
LogPluginManager: Mounting plugin Niagara
LogPluginManager: Mounting plugin DatasmithContent
LogPluginManager: Mounting plugin VariantManagerContent
LogPluginManager: Mounting plugin AlembicImporter
LogPluginManager: Mounting plugin AutomationUtils
LogPluginManager: Mounting plugin BackChannel
LogPluginManager: Mounting plugin ChaosCloth
LogPluginManager: Mounting plugin ChaosClothEditor
LogPluginManager: Mounting plugin ChaosEditor
LogPluginManager: Mounting plugin ChaosNiagara
LogPluginManager: Mounting plugin ChaosSolverPlugin
LogPluginManager: Mounting plugin CharacterAI
LogPluginManager: Mounting plugin GeometryCache
LogPluginManager: Mounting plugin GeometryProcessing
LogPluginManager: Mounting plugin GeometryCollectionPlugin
LogPluginManager: Mounting plugin OpenImageDenoise
LogPluginManager: Mounting plugin MotoSynth
LogPluginManager: Mounting plugin PlanarCut
LogPluginManager: Mounting plugin PlatformCrypto
LogPluginManager: Mounting plugin PythonScriptPlugin
LogPluginManager: Mounting plugin ProxyLODPlugin
LogPluginManager: Mounting plugin SkeletalReduction
LogPluginManager: Mounting plugin AndroidMedia
LogPluginManager: Mounting plugin AvfMedia
LogPluginManager: Mounting plugin ImgMedia
LogPluginManager: Mounting plugin MediaCompositing
LogPluginManager: Mounting plugin LuminPlatformFeatures
LogPluginManager: Mounting plugin MediaPlayerEditor
LogPluginManager: Mounting plugin MagicLeap
LogPluginManager: Mounting plugin WebMMedia
LogPluginManager: Mounting plugin WmfMedia
LogPluginManager: Mounting plugin MagicLeapLightEstimation
LogPluginManager: Mounting plugin MagicLeapMedia
LogPluginManager: Mounting plugin MagicLeapPassableWorld
LogPluginManager: Mounting plugin MLSDK
LogPluginManager: Mounting plugin TcpMessaging
LogPluginManager: Mounting plugin UdpMessaging
LogPluginManager: Mounting plugin ActorSequence
LogPluginManager: Mounting plugin LevelSequenceEditor
LogPluginManager: Mounting plugin MatineeToLevelSequence
LogPluginManager: Mounting plugin TemplateSequence
LogPluginManager: Mounting plugin LauncherChunkInstaller
LogPluginManager: Mounting plugin ActorLayerUtilities
LogPluginManager: Mounting plugin AndroidMoviePlayer
LogPluginManager: Mounting plugin AndroidDeviceProfileSelector
LogPluginManager: Mounting plugin AndroidPermission
LogPluginManager: Mounting plugin AppleImageUtils
LogPluginManager: Mounting plugin ArchVisCharacter
LogPluginManager: Mounting plugin AppleMoviePlayer
LogPluginManager: Mounting plugin AssetTags
LogPluginManager: Mounting plugin AudioCapture
LogPluginManager: Mounting plugin AudioSynesthesia
LogPluginManager: Mounting plugin CableComponent
LogPluginManager: Mounting plugin ChunkDownloader
LogPluginManager: Mounting plugin CustomMeshComponent
LogPluginManager: Mounting plugin ScreenshotTools
LogPluginManager: Mounting plugin EditableMesh
LogPluginManager: Mounting plugin ExampleDeviceProfileSelector
LogPluginManager: Mounting plugin GooglePAD
LogPluginManager: Mounting plugin GoogleCloudMessaging
LogPluginManager: Mounting plugin IOSDeviceProfileSelector
LogPluginManager: Mounting plugin LinuxDeviceProfileSelector
LogPluginManager: Mounting plugin LocationServicesBPLibrary
LogPluginManager: Mounting plugin MobilePatchingUtils
LogPluginManager: Mounting plugin OpenXRHandTracking
LogPluginManager: Mounting plugin OpenXR
LogPluginManager: Mounting plugin OpenXREyeTracker
LogPluginManager: Mounting plugin PhysXVehicles
LogPluginManager: Mounting plugin PostSplashScreen
LogPluginManager: Mounting plugin ProceduralMeshComponent
LogPluginManager: Mounting plugin PropertyAccessEditor
LogPluginManager: Mounting plugin RuntimePhysXCooking
LogPluginManager: Mounting plugin SignificanceManager
LogPluginManager: Mounting plugin SoundFields
LogPluginManager: Mounting plugin Synthesis
LogPluginManager: Mounting plugin WebMMoviePlayer
LogPluginManager: Mounting plugin WindowsMoviePlayer
LogPluginManager: Mounting plugin Takes
LogPluginManager: Mounting plugin OnlineSubsystem
LogPluginManager: Mounting plugin OnlineSubsystemNull
LogPluginManager: Mounting plugin OnlineSubsystemUtils
LogPluginManager: Mounting plugin ContentBrowserAssetDataSource
LogPluginManager: Mounting plugin ContentBrowserClassDataSource
LogPluginManager: Mounting plugin ContentBrowserFileDataSource
LogPluginManager: Mounting plugin OculusVR
LogPluginManager: Mounting plugin SteamVR
LogPluginManager: Mounting plugin OnlineSubsystemGooglePlay
LogPluginManager: Mounting plugin OnlineSubsystemIOS
PixWinPlugin: PIX capture plugin failed to initialize! Check that the process is launched from PIX.
LogInit: Using libcurl 7.55.1-DEV
LogInit:  - built for x86_64-pc-win32
LogInit:  - supports SSL with OpenSSL/1.1.1
LogInit:  - supports HTTP deflate (compression) using libz 1.2.8
LogInit:  - other features:
LogInit:      CURL_VERSION_SSL
LogInit:      CURL_VERSION_LIBZ
LogInit:      CURL_VERSION_IPV6
LogInit:      CURL_VERSION_ASYNCHDNS
LogInit:      CURL_VERSION_LARGEFILE
LogInit:      CURL_VERSION_IDN
LogInit:  CurlRequestOptions (configurable via config and command line):
LogInit:  - bVerifyPeer = true  - Libcurl will verify peer certificate
LogInit:  - bUseHttpProxy = false  - Libcurl will NOT use HTTP proxy
LogInit:  - bDontReuseConnections = false  - Libcurl will reuse connections
LogInit:  - MaxHostConnections = 16  - Libcurl will limit the number of connections to a host
LogInit:  - LocalHostAddr = Default
LogInit:  - BufferSize = 65536
LogOnline: OSS: Creating online subsystem instance for: NULL
LogInit: WinSock: version 1.1 (2.2), MaxSocks=32767, MaxUdp=65467
LogOnline: OSS: TryLoadSubsystemAndSetDefault: Loaded subsystem for module [NULL]
LogOculusPluginWrapper: OculusPlugin initialized successfully
LogHMD: Failed initializing OVRPlugin 1.59.0
LogInit: Build: ++UE4+Release-4.27-CL-18319896
LogInit: Engine Version: 4.27.2-18319896+++UE4+Release-4.27
LogInit: Compatible Engine Version: 4.27.0-17155196+++UE4+Release-4.27
LogInit: Net CL: 17155196
LogInit: OS: Windows 10 (Release 2009) (), CPU: Intel(R) Xeon(R) W-2223 CPU @ 3.60GHz, GPU: NVIDIA GeForce RTX 3090
LogInit: Compiled (64-bit): Nov 30 2021 07:12:08
LogInit: Compiled with Visual C++: 19.24.28315.00
LogInit: Build Configuration: Development
LogInit: Branch Name: ++UE4+Release-4.27
LogInit: Command Line: 
LogInit: Base Directory: C:/Program Files/Epic Games/UE_4.27/Engine/Binaries/Win64/
LogInit: Allocator: TBB
LogInit: Installed Engine Build: 1
LogDevObjectVersion: Number of dev versions registered: 29
LogDevObjectVersion:   Dev-Blueprints (B0D832E4-1F89-4F0D-ACCF-7EB736FD4AA2): 10
LogDevObjectVersion:   Dev-Build (E1C64328-A22C-4D53-A36C-8E866417BD8C): 0
LogDevObjectVersion:   Dev-Core (375EC13C-06E4-48FB-B500-84F0262A717E): 4
LogDevObjectVersion:   Dev-Editor (E4B068ED-F494-42E9-A231-DA0B2E46BB41): 40
LogDevObjectVersion:   Dev-Framework (CFFC743F-43B0-4480-9391-14DF171D2073): 37
LogDevObjectVersion:   Dev-Mobile (B02B49B5-BB20-44E9-A304-32B752E40360): 3
LogDevObjectVersion:   Dev-Networking (A4E4105C-59A1-49B5-A7C5-40C4547EDFEE): 0
LogDevObjectVersion:   Dev-Online (39C831C9-5AE6-47DC-9A44-9C173E1C8E7C): 0
LogDevObjectVersion:   Dev-Physics (78F01B33-EBEA-4F98-B9B4-84EACCB95AA2): 14
LogDevObjectVersion:   Dev-Platform (6631380F-2D4D-43E0-8009-CF276956A95A): 0
LogDevObjectVersion:   Dev-Rendering (12F88B9F-8875-4AFC-A67C-D90C383ABD29): 45
LogDevObjectVersion:   Dev-Sequencer (7B5AE74C-D270-4C10-A958-57980B212A5A): 13
LogDevObjectVersion:   Dev-VR (D7296918-1DD6-4BDD-9DE2-64A83CC13884): 3
LogDevObjectVersion:   Dev-LoadTimes (C2A15278-BFE7-4AFE-6C17-90FF531DF755): 1
LogDevObjectVersion:   Private-Geometry (6EACA3D4-40EC-4CC1-B786-8BED09428FC5): 3
LogDevObjectVersion:   Dev-AnimPhys (29E575DD-E0A3-4627-9D10-D276232CDCEA): 17
LogDevObjectVersion:   Dev-Anim (AF43A65D-7FD3-4947-9873-3E8ED9C1BB05): 15
LogDevObjectVersion:   Dev-ReflectionCapture (6B266CEC-1EC7-4B8F-A30B-E4D90942FC07): 1
LogDevObjectVersion:   Dev-Automation (0DF73D61-A23F-47EA-B727-89E90C41499A): 1
LogDevObjectVersion:   FortniteMain (601D1886-AC64-4F84-AA16-D3DE0DEAC7D6): 47
LogDevObjectVersion:   FortniteRelease (E7086368-6B23-4C58-8439-1B7016265E91): 1
LogDevObjectVersion:   Dev-Enterprise (9DFFBCD6-494F-0158-E221-12823C92A888): 10
LogDevObjectVersion:   Dev-Niagara (F2AED0AC-9AFE-416F-8664-AA7FFA26D6FC): 1
LogDevObjectVersion:   Dev-Destruction (174F1F0B-B4C6-45A5-B13F-2EE8D0FB917D): 10
LogDevObjectVersion:   Dev-Physics-Ext (35F94A83-E258-406C-A318-09F59610247C): 41
LogDevObjectVersion:   Dev-PhysicsMaterial-Chaos (B68FC16E-8B1B-42E2-B453-215C058844FE): 1
LogDevObjectVersion:   Dev-CineCamera (B2E18506-4273-CFC2-A54E-F4BB758BBA07): 1
LogDevObjectVersion:   Dev-VirtualProduction (64F58936-FD1B-42BA-BA96-7289D5D0FA4E): 1
LogDevObjectVersion:   Dev-MediaFramework (6F0ED827-A609-4895-9C91-998D90180EA4): 2
LogInit: Presizing for max 25165824 objects, including 0 objects not considered by GC, pre-allocating 0 bytes for permanent pool.
LogConfig: Applying CVar settings from Section [/Script/Engine.StreamingSettings] File [C:/Users/megnabb2/Documents/Unreal Projects/CS415FinalProject/Saved/Config/Windows/Engine.ini]
LogConfig: Setting CVar [[s.MinBulkDataSizeForAsyncLoading:131072]]
LogConfig: Setting CVar [[s.AsyncLoadingThreadEnabled:0]]
LogConfig: Setting CVar [[s.EventDrivenLoaderEnabled:1]]
LogConfig: Setting CVar [[s.WarnIfTimeLimitExceeded:0]]
LogConfig: Setting CVar [[s.TimeLimitExceededMultiplier:1.5]]
LogConfig: Setting CVar [[s.TimeLimitExceededMinTime:0.005]]
LogConfig: Setting CVar [[s.UseBackgroundLevelStreaming:1]]
LogConfig: Setting CVar [[s.PriorityAsyncLoadingExtraTime:15.0]]
LogConfig: Setting CVar [[s.LevelStreamingActorsUpdateTimeLimit:5.0]]
LogConfig: Setting CVar [[s.PriorityLevelStreamingActorsUpdateExtraTime:5.0]]
LogConfig: Setting CVar [[s.LevelStreamingComponentsRegistrationGranularity:10]]
LogConfig: Setting CVar [[s.UnregisterComponentsTimeLimit:1.0]]
LogConfig: Setting CVar [[s.LevelStreamingComponentsUnregistrationGranularity:5]]
LogConfig: Setting CVar [[s.FlushStreamingOnExit:1]]
LogInit: Object subsystem initialized
LogConfig: Setting CVar [[con.DebugEarlyDefault:1]]
LogConfig: Setting CVar [[r.setres:1280x720]]
[2022.11.01-18.38.37:831][  0]LogConfig: Setting CVar [[r.VSync:0]]
[2022.11.01-18.38.37:831][  0]LogConfig: Setting CVar [[r.RHICmdBypass:0]]
[2022.11.01-18.38.37:831][  0]LogConfig: Applying CVar settings from Section [/Script/Engine.RendererSettings] File [C:/Users/megnabb2/Documents/Unreal Projects/CS415FinalProject/Saved/Config/Windows/Engine.ini]
[2022.11.01-18.38.37:831][  0]LogConfig: Setting CVar [[r.GPUCrashDebugging:0]]
[2022.11.01-18.38.37:831][  0]LogConfig: Applying CVar settings from Section [/Script/Engine.RendererOverrideSettings] File [C:/Users/megnabb2/Documents/Unreal Projects/CS415FinalProject/Saved/Config/Windows/Engine.ini]
[2022.11.01-18.38.37:832][  0]LogConfig: Applying CVar settings from Section [/Script/Engine.StreamingSettings] File [C:/Users/megnabb2/Documents/Unreal Projects/CS415FinalProject/Saved/Config/Windows/Engine.ini]
[2022.11.01-18.38.37:832][  0]LogConfig: Setting CVar [[s.MinBulkDataSizeForAsyncLoading:131072]]
[2022.11.01-18.38.37:832][  0]LogConfig: Setting CVar [[s.AsyncLoadingThreadEnabled:0]]
[2022.11.01-18.38.37:832][  0]LogConfig: Setting CVar [[s.EventDrivenLoaderEnabled:1]]
[2022.11.01-18.38.37:832][  0]LogConfig: Setting CVar [[s.WarnIfTimeLimitExceeded:0]]
[2022.11.01-18.38.37:832][  0]LogConfig: Setting CVar [[s.TimeLimitExceededMultiplier:1.5]]
[2022.11.01-18.38.37:832][  0]LogConfig: Setting CVar [[s.TimeLimitExceededMinTime:0.005]]
[2022.11.01-18.38.37:832][  0]LogConfig: Setting CVar [[s.UseBackgroundLevelStreaming:1]]
[2022.11.01-18.38.37:832][  0]LogConfig: Setting CVar [[s.PriorityAsyncLoadingExtraTime:15.0]]
[2022.11.01-18.38.37:832][  0]LogConfig: Setting CVar [[s.LevelStreamingActorsUpdateTimeLimit:5.0]]
[2022.11.01-18.38.37:832][  0]LogConfig: Setting CVar [[s.PriorityLevelStreamingActorsUpdateExtraTime:5.0]]
[2022.11.01-18.38.37:832][  0]LogConfig: Setting CVar [[s.LevelStreamingComponentsRegistrationGranularity:10]]
[2022.11.01-18.38.37:832][  0]LogConfig: Setting CVar [[s.UnregisterComponentsTimeLimit:1.0]]
[2022.11.01-18.38.37:832][  0]LogConfig: Setting CVar [[s.LevelStreamingComponentsUnregistrationGranularity:5]]
[2022.11.01-18.38.37:832][  0]LogConfig: Setting CVar [[s.FlushStreamingOnExit:1]]
[2022.11.01-18.38.37:832][  0]LogConfig: Applying CVar settings from Section [/Script/Engine.GarbageCollectionSettings] File [C:/Users/megnabb2/Documents/Unreal Projects/CS415FinalProject/Saved/Config/Windows/Engine.ini]
[2022.11.01-18.38.37:832][  0]LogConfig: Setting CVar [[gc.MaxObjectsNotConsideredByGC:1]]
[2022.11.01-18.38.37:832][  0]LogConfig: Setting CVar [[gc.SizeOfPermanentObjectPool:0]]
[2022.11.01-18.38.37:832][  0]LogConfig: Setting CVar [[gc.FlushStreamingOnGC:0]]
[2022.11.01-18.38.37:832][  0]LogConfig: Setting CVar [[gc.NumRetriesBeforeForcingGC:10]]
[2022.11.01-18.38.37:832][  0]LogConfig: Setting CVar [[gc.AllowParallelGC:1]]
[2022.11.01-18.38.37:832][  0]LogConfig: Setting CVar [[gc.TimeBetweenPurgingPendingKillObjects:61.1]]
[2022.11.01-18.38.37:832][  0]LogConfig: Setting CVar [[gc.MaxObjectsInEditor:25165824]]
[2022.11.01-18.38.37:832][  0]LogConfig: Setting CVar [[gc.IncrementalBeginDestroyEnabled:1]]
[2022.11.01-18.38.37:832][  0]LogConfig: Setting CVar [[gc.CreateGCClusters:1]]
[2022.11.01-18.38.37:832][  0]LogConfig: Setting CVar [[gc.MinGCClusterSize:5]]
[2022.11.01-18.38.37:832][  0]LogConfig: Setting CVar [[gc.ActorClusteringEnabled:0]]
[2022.11.01-18.38.37:832][  0]LogConfig: Setting CVar [[gc.BlueprintClusteringEnabled:0]]
[2022.11.01-18.38.37:832][  0]LogConfig: Setting CVar [[gc.UseDisregardForGCOnDedicatedServers:0]]
[2022.11.01-18.38.37:832][  0]LogConfig: Setting CVar [[gc.MultithreadedDestructionEnabled:1]]
[2022.11.01-18.38.37:832][  0]LogConfig: Applying CVar settings from Section [/Script/Engine.NetworkSettings] File [C:/Users/megnabb2/Documents/Unreal Projects/CS415FinalProject/Saved/Config/Windows/Engine.ini]
[2022.11.01-18.38.37:832][  0]LogConfig: Applying CVar settings from Section [/Script/UnrealEd.CookerSettings] File [C:/Users/megnabb2/Documents/Unreal Projects/CS415FinalProject/Saved/Config/Windows/Engine.ini]
[2022.11.01-18.38.37:845][  0]LogConfig: Applying CVar settings from Section [ViewDistanceQuality@3] File [C:/Users/megnabb2/Documents/Unreal Projects/CS415FinalProject/Saved/Config/Windows/Scalability.ini]
[2022.11.01-18.38.37:845][  0]LogConfig: Setting CVar [[r.SkeletalMeshLODBias:0]]
[2022.11.01-18.38.37:845][  0]LogConfig: Setting CVar [[r.ViewDistanceScale:1.0]]
[2022.11.01-18.38.37:845][  0]LogConfig: Applying CVar settings from Section [AntiAliasingQuality@3] File [C:/Users/megnabb2/Documents/Unreal Projects/CS415FinalProject/Saved/Config/Windows/Scalability.ini]
[2022.11.01-18.38.37:845][  0]LogConfig: Setting CVar [[r.PostProcessAAQuality:4]]
[2022.11.01-18.38.37:845][  0]LogConfig: Applying CVar settings from Section [ShadowQuality@3] File [C:/Users/megnabb2/Documents/Unreal Projects/CS415FinalProject/Saved/Config/Windows/Scalability.ini]
[2022.11.01-18.38.37:845][  0]LogConfig: Setting CVar [[r.LightFunctionQuality:1]]
[2022.11.01-18.38.37:845][  0]LogConfig: Setting CVar [[r.ShadowQuality:5]]
[2022.11.01-18.38.37:845][  0]LogConfig: Setting CVar [[r.Shadow.CSM.MaxCascades:10]]
[2022.11.01-18.38.37:845][  0]LogConfig: Setting CVar [[r.Shadow.MaxResolution:2048]]
[2022.11.01-18.38.37:845][  0]LogConfig: Setting CVar [[r.Shadow.MaxCSMResolution:2048]]
[2022.11.01-18.38.37:845][  0]LogConfig: Setting CVar [[r.Shadow.RadiusThreshold:0.01]]
[2022.11.01-18.38.37:845][  0]LogConfig: Setting CVar [[r.Shadow.DistanceScale:1.0]]
[2022.11.01-18.38.37:845][  0]LogConfig: Setting CVar [[r.Shadow.CSM.TransitionScale:1.0]]
[2022.11.01-18.38.37:845][  0]LogConfig: Setting CVar [[r.Shadow.PreShadowResolutionFactor:1.0]]
[2022.11.01-18.38.37:845][  0]LogConfig: Setting CVar [[r.DistanceFieldShadowing:1]]
[2022.11.01-18.38.37:845][  0]LogConfig: Setting CVar [[r.DistanceFieldAO:1]]
[2022.11.01-18.38.37:845][  0]LogConfig: Setting CVar [[r.AOQuality:2]]
[2022.11.01-18.38.37:845][  0]LogConfig: Setting CVar [[r.VolumetricFog:1]]
[2022.11.01-18.38.37:845][  0]LogConfig: Setting CVar [[r.VolumetricFog.GridPixelSize:8]]
[2022.11.01-18.38.37:845][  0]LogConfig: Setting CVar [[r.VolumetricFog.GridSizeZ:128]]
[2022.11.01-18.38.37:845][  0]LogConfig: Setting CVar [[r.VolumetricFog.HistoryMissSupersampleCount:4]]
[2022.11.01-18.38.37:845][  0]LogConfig: Setting CVar [[r.LightMaxDrawDistanceScale:1]]
[2022.11.01-18.38.37:845][  0]LogConfig: Setting CVar [[r.CapsuleShadows:1]]
[2022.11.01-18.38.37:845][  0]LogConfig: Applying CVar settings from Section [PostProcessQuality@3] File [C:/Users/megnabb2/Documents/Unreal Projects/CS415FinalProject/Saved/Config/Windows/Scalability.ini]
[2022.11.01-18.38.37:845][  0]LogConfig: Setting CVar [[r.MotionBlurQuality:4]]
[2022.11.01-18.38.37:845][  0]LogConfig: Setting CVar [[r.AmbientOcclusionMipLevelFactor:0.4]]
[2022.11.01-18.38.37:845][  0]LogConfig: Setting CVar [[r.AmbientOcclusionMaxQuality:100]]
[2022.11.01-18.38.37:845][  0]LogConfig: Setting CVar [[r.AmbientOcclusionLevels:-1]]
[2022.11.01-18.38.37:845][  0]LogConfig: Setting CVar [[r.AmbientOcclusionRadiusScale:1.0]]
[2022.11.01-18.38.37:845][  0]LogConfig: Setting CVar [[r.DepthOfFieldQuality:2]]
[2022.11.01-18.38.37:845][  0]LogConfig: Setting CVar [[r.RenderTargetPoolMin:400]]
[2022.11.01-18.38.37:845][  0]LogConfig: Setting CVar [[r.LensFlareQuality:2]]
[2022.11.01-18.38.37:845][  0]LogConfig: Setting CVar [[r.SceneColorFringeQuality:1]]
[2022.11.01-18.38.37:845][  0]LogConfig: Setting CVar [[r.EyeAdaptationQuality:2]]
[2022.11.01-18.38.37:845][  0]LogConfig: Setting CVar [[r.BloomQuality:5]]
[2022.11.01-18.38.37:845][  0]LogConfig: Setting CVar [[r.FastBlurThreshold:100]]
[2022.11.01-18.38.37:845][  0]LogConfig: Setting CVar [[r.Upscale.Quality:3]]
[2022.11.01-18.38.37:845][  0]LogConfig: Setting CVar [[r.Tonemapper.GrainQuantization:1]]
[2022.11.01-18.38.37:845][  0]LogConfig: Setting CVar [[r.LightShaftQuality:1]]
[2022.11.01-18.38.37:845][  0]LogConfig: Setting CVar [[r.Filter.SizeScale:1]]
[2022.11.01-18.38.37:845][  0]LogConfig: Setting CVar [[r.Tonemapper.Quality:5]]
[2022.11.01-18.38.37:845][  0]LogConfig: Setting CVar [[r.DOF.Gather.AccumulatorQuality:1        ; higher gathering accumulator quality]]
[2022.11.01-18.38.37:845][  0]LogConfig: Setting CVar [[r.DOF.Gather.PostfilterMethod:1          ; Median3x3 postfilering method]]
[2022.11.01-18.38.37:845][  0]LogConfig: Setting CVar [[r.DOF.Gather.EnableBokehSettings:0       ; no bokeh simulation when gathering]]
[2022.11.01-18.38.37:845][  0]LogConfig: Setting CVar [[r.DOF.Gather.RingCount:4                 ; medium number of samples when gathering]]
[2022.11.01-18.38.37:845][  0]LogConfig: Setting CVar [[r.DOF.Scatter.ForegroundCompositing:1    ; additive foreground scattering]]
[2022.11.01-18.38.37:845][  0]LogConfig: Setting CVar [[r.DOF.Scatter.BackgroundCompositing:2    ; additive background scattering]]
[2022.11.01-18.38.37:845][  0]LogConfig: Setting CVar [[r.DOF.Scatter.EnableBokehSettings:1      ; bokeh simulation when scattering]]
[2022.11.01-18.38.37:845][  0]LogConfig: Setting CVar [[r.DOF.Scatter.MaxSpriteRatio:0.1         ; only a maximum of 10% of scattered bokeh]]
[2022.11.01-18.38.37:845][  0]LogConfig: Setting CVar [[r.DOF.Recombine.Quality:1                ; cheap slight out of focus]]
[2022.11.01-18.38.37:845][  0]LogConfig: Setting CVar [[r.DOF.Recombine.EnableBokehSettings:0    ; no bokeh simulation on slight out of focus]]
[2022.11.01-18.38.37:845][  0]LogConfig: Setting CVar [[r.DOF.TemporalAAQuality:1                ; more stable temporal accumulation]]
[2022.11.01-18.38.37:845][  0]LogConfig: Setting CVar [[r.DOF.Kernel.MaxForegroundRadius:0.025]]
[2022.11.01-18.38.37:845][  0]LogConfig: Setting CVar [[r.DOF.Kernel.MaxBackgroundRadius:0.025]]
[2022.11.01-18.38.37:845][  0]LogConfig: Applying CVar settings from Section [TextureQuality@3] File [C:/Users/megnabb2/Documents/Unreal Projects/CS415FinalProject/Saved/Config/Windows/Scalability.ini]
[2022.11.01-18.38.37:845][  0]LogConfig: Setting CVar [[r.Streaming.MipBias:0]]
[2022.11.01-18.38.37:845][  0]LogConfig: Setting CVar [[r.Streaming.AmortizeCPUToGPUCopy:0]]
[2022.11.01-18.38.37:845][  0]LogConfig: Setting CVar [[r.Streaming.MaxNumTexturesToStreamPerFrame:0]]
[2022.11.01-18.38.37:845][  0]LogConfig: Setting CVar [[r.Streaming.Boost:1]]
[2022.11.01-18.38.37:845][  0]LogConfig: Setting CVar [[r.MaxAnisotropy:8]]
[2022.11.01-18.38.37:845][  0]LogConfig: Setting CVar [[r.VT.MaxAnisotropy:8]]
[2022.11.01-18.38.37:845][  0]LogConfig: Setting CVar [[r.Streaming.LimitPoolSizeToVRAM:0]]
[2022.11.01-18.38.37:845][  0]LogConfig: Setting CVar [[r.Streaming.PoolSize:1000]]
[2022.11.01-18.38.37:845][  0]LogConfig: Setting CVar [[r.Streaming.MaxEffectiveScreenSize:0]]
[2022.11.01-18.38.37:845][  0]LogConfig: Applying CVar settings from Section [EffectsQuality@3] File [C:/Users/megnabb2/Documents/Unreal Projects/CS415FinalProject/Saved/Config/Windows/Scalability.ini]
[2022.11.01-18.38.37:845][  0]LogConfig: Setting CVar [[r.TranslucencyLightingVolumeDim:64]]
[2022.11.01-18.38.37:845][  0]LogConfig: Setting CVar [[r.RefractionQuality:2]]
[2022.11.01-18.38.37:845][  0]LogConfig: Setting CVar [[r.SSR.Quality:3]]
[2022.11.01-18.38.37:845][  0]LogConfig: Setting CVar [[r.SSR.HalfResSceneColor:0]]
[2022.11.01-18.38.37:845][  0]LogConfig: Setting CVar [[r.SceneColorFormat:4]]
[2022.11.01-18.38.37:845][  0]LogConfig: Setting CVar [[r.DetailMode:2]]
[2022.11.01-18.38.37:845][  0]LogConfig: Setting CVar [[r.TranslucencyVolumeBlur:1]]
[2022.11.01-18.38.37:845][  0]LogConfig: Setting CVar [[r.MaterialQualityLevel:1 ; High quality]]
[2022.11.01-18.38.37:846][  0]LogConfig: Setting CVar [[r.AnisotropicMaterials:1]]
[2022.11.01-18.38.37:846][  0]LogConfig: Setting CVar [[r.SSS.Scale:1]]
[2022.11.01-18.38.37:846][  0]LogConfig: Setting CVar [[r.SSS.SampleSet:2]]
[2022.11.01-18.38.37:846][  0]LogConfig: Setting CVar [[r.SSS.Quality:1]]
[2022.11.01-18.38.37:846][  0]LogConfig: Setting CVar [[r.SSS.HalfRes:0]]
[2022.11.01-18.38.37:846][  0]LogConfig: Setting CVar [[r.SSGI.Quality:3]]
[2022.11.01-18.38.37:846][  0]LogConfig: Setting CVar [[r.EmitterSpawnRateScale:1.0]]
[2022.11.01-18.38.37:846][  0]LogConfig: Setting CVar [[r.ParticleLightQuality:2]]
[2022.11.01-18.38.37:846][  0]LogConfig: Setting CVar [[r.SkyAtmosphere.AerialPerspectiveLUT.FastApplyOnOpaque:1 ; Always have FastSkyLUT 1 in this case to avoid wrong sky]]
[2022.11.01-18.38.37:846][  0]LogConfig: Setting CVar [[r.SkyAtmosphere.AerialPerspectiveLUT.SampleCountMaxPerSlice:4]]
[2022.11.01-18.38.37:846][  0]LogConfig: Setting CVar [[r.SkyAtmosphere.AerialPerspectiveLUT.DepthResolution:16.0]]
[2022.11.01-18.38.37:846][  0]LogConfig: Setting CVar [[r.SkyAtmosphere.FastSkyLUT:1]]
[2022.11.01-18.38.37:846][  0]LogConfig: Setting CVar [[r.SkyAtmosphere.FastSkyLUT.SampleCountMin:4.0]]
[2022.11.01-18.38.37:846][  0]LogConfig: Setting CVar [[r.SkyAtmosphere.FastSkyLUT.SampleCountMax:128.0]]
[2022.11.01-18.38.37:846][  0]LogConfig: Setting CVar [[r.SkyAtmosphere.SampleCountMin:4.0]]
[2022.11.01-18.38.37:846][  0]LogConfig: Setting CVar [[r.SkyAtmosphere.SampleCountMax:128.0]]
[2022.11.01-18.38.37:846][  0]LogConfig: Setting CVar [[r.SkyAtmosphere.TransmittanceLUT.UseSmallFormat:0]]
[2022.11.01-18.38.37:846][  0]LogConfig: Setting CVar [[r.SkyAtmosphere.TransmittanceLUT.SampleCount:10.0]]
[2022.11.01-18.38.37:846][  0]LogConfig: Setting CVar [[r.SkyAtmosphere.MultiScatteringLUT.SampleCount:15.0]]
[2022.11.01-18.38.37:846][  0]LogConfig: Setting CVar [[r.SkyLight.RealTimeReflectionCapture:1]]
[2022.11.01-18.38.37:846][  0]LogConfig: Applying CVar settings from Section [FoliageQuality@3] File [C:/Users/megnabb2/Documents/Unreal Projects/CS415FinalProject/Saved/Config/Windows/Scalability.ini]
[2022.11.01-18.38.37:846][  0]LogConfig: Setting CVar [[foliage.DensityScale:1.0]]
[2022.11.01-18.38.37:846][  0]LogConfig: Setting CVar [[grass.DensityScale:1.0]]
[2022.11.01-18.38.37:846][  0]LogConfig: Applying CVar settings from Section [ShadingQuality@3] File [C:/Users/megnabb2/Documents/Unreal Projects/CS415FinalProject/Saved/Config/Windows/Scalability.ini]
[2022.11.01-18.38.37:846][  0]LogConfig: Setting CVar [[r.HairStrands.SkyLighting.IntegrationType:2]]
[2022.11.01-18.38.37:846][  0]LogConfig: Setting CVar [[r.HairStrands.SkyAO.SampleCount:4]]
[2022.11.01-18.38.37:846][  0]LogConfig: Setting CVar [[r.HairStrands.Visibility.MSAA.SamplePerPixel:4]]
[2022.11.01-18.38.37:846][  0]LogInit: Selected Device Profile: [Windows]
[2022.11.01-18.38.37:846][  0]LogInit: Applying CVar settings loaded from the selected device profile: [Windows]
[2022.11.01-18.38.37:846][  0]LogHAL: Display: Platform has ~ 32 GB [34028560384 / 34359738368 / 32], which maps to Largest [LargestMinGB=32, LargerMinGB=12, DefaultMinGB=8, SmallerMinGB=6, SmallestMinGB=0)
[2022.11.01-18.38.37:846][  0]LogInit: Going up to parent DeviceProfile []
[2022.11.01-18.38.37:846][  0]LogConfig: Applying CVar settings from Section [ViewDistanceQuality@3] File [C:/Users/megnabb2/Documents/Unreal Projects/CS415FinalProject/Saved/Config/Windows/Scalability.ini]
[2022.11.01-18.38.37:846][  0]LogConfig: Setting CVar [[r.SkeletalMeshLODBias:0]]
[2022.11.01-18.38.37:846][  0]LogConfig: Setting CVar [[r.ViewDistanceScale:1.0]]
[2022.11.01-18.38.37:846][  0]LogConfig: Applying CVar settings from Section [AntiAliasingQuality@3] File [C:/Users/megnabb2/Documents/Unreal Projects/CS415FinalProject/Saved/Config/Windows/Scalability.ini]
[2022.11.01-18.38.37:846][  0]LogConfig: Setting CVar [[r.PostProcessAAQuality:4]]
[2022.11.01-18.38.37:846][  0]LogConfig: Applying CVar settings from Section [ShadowQuality@3] File [C:/Users/megnabb2/Documents/Unreal Projects/CS415FinalProject/Saved/Config/Windows/Scalability.ini]
[2022.11.01-18.38.37:846][  0]LogConfig: Setting CVar [[r.LightFunctionQuality:1]]
[2022.11.01-18.38.37:846][  0]LogConfig: Setting CVar [[r.ShadowQuality:5]]
[2022.11.01-18.38.37:846][  0]LogConfig: Setting CVar [[r.Shadow.CSM.MaxCascades:10]]
[2022.11.01-18.38.37:846][  0]LogConfig: Setting CVar [[r.Shadow.MaxResolution:2048]]
[2022.11.01-18.38.37:846][  0]LogConfig: Setting CVar [[r.Shadow.MaxCSMResolution:2048]]
[2022.11.01-18.38.37:846][  0]LogConfig: Setting CVar [[r.Shadow.RadiusThreshold:0.01]]
[2022.11.01-18.38.37:846][  0]LogConfig: Setting CVar [[r.Shadow.DistanceScale:1.0]]
[2022.11.01-18.38.37:846][  0]LogConfig: Setting CVar [[r.Shadow.CSM.TransitionScale:1.0]]
[2022.11.01-18.38.37:846][  0]LogConfig: Setting CVar [[r.Shadow.PreShadowResolutionFactor:1.0]]
[2022.11.01-18.38.37:846][  0]LogConfig: Setting CVar [[r.DistanceFieldShadowing:1]]
[2022.11.01-18.38.37:846][  0]LogConfig: Setting CVar [[r.DistanceFieldAO:1]]
[2022.11.01-18.38.37:846][  0]LogConfig: Setting CVar [[r.AOQuality:2]]
[2022.11.01-18.38.37:846][  0]LogConfig: Setting CVar [[r.VolumetricFog:1]]
[2022.11.01-18.38.37:846][  0]LogConfig: Setting CVar [[r.VolumetricFog.GridPixelSize:8]]
[2022.11.01-18.38.37:846][  0]LogConfig: Setting CVar [[r.VolumetricFog.GridSizeZ:128]]
[2022.11.01-18.38.37:846][  0]LogConfig: Setting CVar [[r.VolumetricFog.HistoryMissSupersampleCount:4]]
[2022.11.01-18.38.37:846][  0]LogConfig: Setting CVar [[r.LightMaxDrawDistanceScale:1]]
[2022.11.01-18.38.37:846][  0]LogConfig: Setting CVar [[r.CapsuleShadows:1]]
[2022.11.01-18.38.37:846][  0]LogConfig: Applying CVar settings from Section [PostProcessQuality@3] File [C:/Users/megnabb2/Documents/Unreal Projects/CS415FinalProject/Saved/Config/Windows/Scalability.ini]
[2022.11.01-18.38.37:846][  0]LogConfig: Setting CVar [[r.MotionBlurQuality:4]]
[2022.11.01-18.38.37:846][  0]LogConfig: Setting CVar [[r.AmbientOcclusionMipLevelFactor:0.4]]
[2022.11.01-18.38.37:846][  0]LogConfig: Setting CVar [[r.AmbientOcclusionMaxQuality:100]]
[2022.11.01-18.38.37:846][  0]LogConfig: Setting CVar [[r.AmbientOcclusionLevels:-1]]
[2022.11.01-18.38.37:846][  0]LogConfig: Setting CVar [[r.AmbientOcclusionRadiusScale:1.0]]
[2022.11.01-18.38.37:846][  0]LogConfig: Setting CVar [[r.DepthOfFieldQuality:2]]
[2022.11.01-18.38.37:846][  0]LogConfig: Setting CVar [[r.RenderTargetPoolMin:400]]
[2022.11.01-18.38.37:846][  0]LogConfig: Setting CVar [[r.LensFlareQuality:2]]
[2022.11.01-18.38.37:846][  0]LogConfig: Setting CVar [[r.SceneColorFringeQuality:1]]
[2022.11.01-18.38.37:846][  0]LogConfig: Setting CVar [[r.EyeAdaptationQuality:2]]
[2022.11.01-18.38.37:846][  0]LogConfig: Setting CVar [[r.BloomQuality:5]]
[2022.11.01-18.38.37:846][  0]LogConfig: Setting CVar [[r.FastBlurThreshold:100]]
[2022.11.01-18.38.37:846][  0]LogConfig: Setting CVar [[r.Upscale.Quality:3]]
[2022.11.01-18.38.37:846][  0]LogConfig: Setting CVar [[r.Tonemapper.GrainQuantization:1]]
[2022.11.01-18.38.37:846][  0]LogConfig: Setting CVar [[r.LightShaftQuality:1]]
[2022.11.01-18.38.37:846][  0]LogConfig: Setting CVar [[r.Filter.SizeScale:1]]
[2022.11.01-18.38.37:846][  0]LogConfig: Setting CVar [[r.Tonemapper.Quality:5]]
[2022.11.01-18.38.37:846][  0]LogConfig: Setting CVar [[r.DOF.Gather.AccumulatorQuality:1        ; higher gathering accumulator quality]]
[2022.11.01-18.38.37:846][  0]LogConfig: Setting CVar [[r.DOF.Gather.PostfilterMethod:1          ; Median3x3 postfilering method]]
[2022.11.01-18.38.37:846][  0]LogConfig: Setting CVar [[r.DOF.Gather.EnableBokehSettings:0       ; no bokeh simulation when gathering]]
[2022.11.01-18.38.37:846][  0]LogConfig: Setting CVar [[r.DOF.Gather.RingCount:4                 ; medium number of samples when gathering]]
[2022.11.01-18.38.37:846][  0]LogConfig: Setting CVar [[r.DOF.Scatter.ForegroundCompositing:1    ; additive foreground scattering]]
[2022.11.01-18.38.37:846][  0]LogConfig: Setting CVar [[r.DOF.Scatter.BackgroundCompositing:2    ; additive background scattering]]
[2022.11.01-18.38.37:846][  0]LogConfig: Setting CVar [[r.DOF.Scatter.EnableBokehSettings:1      ; bokeh simulation when scattering]]
[2022.11.01-18.38.37:846][  0]LogConfig: Setting CVar [[r.DOF.Scatter.MaxSpriteRatio:0.1         ; only a maximum of 10% of scattered bokeh]]
[2022.11.01-18.38.37:846][  0]LogConfig: Setting CVar [[r.DOF.Recombine.Quality:1                ; cheap slight out of focus]]
[2022.11.01-18.38.37:846][  0]LogConfig: Setting CVar [[r.DOF.Recombine.EnableBokehSettings:0    ; no bokeh simulation on slight out of focus]]
[2022.11.01-18.38.37:847][  0]LogConfig: Setting CVar [[r.DOF.TemporalAAQuality:1                ; more stable temporal accumulation]]
[2022.11.01-18.38.37:847][  0]LogConfig: Setting CVar [[r.DOF.Kernel.MaxForegroundRadius:0.025]]
[2022.11.01-18.38.37:847][  0]LogConfig: Setting CVar [[r.DOF.Kernel.MaxBackgroundRadius:0.025]]
[2022.11.01-18.38.37:847][  0]LogConfig: Applying CVar settings from Section [TextureQuality@3] File [C:/Users/megnabb2/Documents/Unreal Projects/CS415FinalProject/Saved/Config/Windows/Scalability.ini]
[2022.11.01-18.38.37:847][  0]LogConfig: Setting CVar [[r.Streaming.MipBias:0]]
[2022.11.01-18.38.37:847][  0]LogConfig: Setting CVar [[r.Streaming.AmortizeCPUToGPUCopy:0]]
[2022.11.01-18.38.37:847][  0]LogConfig: Setting CVar [[r.Streaming.MaxNumTexturesToStreamPerFrame:0]]
[2022.11.01-18.38.37:847][  0]LogConfig: Setting CVar [[r.Streaming.Boost:1]]
[2022.11.01-18.38.37:847][  0]LogConfig: Setting CVar [[r.MaxAnisotropy:8]]
[2022.11.01-18.38.37:847][  0]LogConfig: Setting CVar [[r.VT.MaxAnisotropy:8]]
[2022.11.01-18.38.37:847][  0]LogConfig: Setting CVar [[r.Streaming.LimitPoolSizeToVRAM:0]]
[2022.11.01-18.38.37:847][  0]LogConfig: Setting CVar [[r.Streaming.PoolSize:1000]]
[2022.11.01-18.38.37:847][  0]LogConfig: Setting CVar [[r.Streaming.MaxEffectiveScreenSize:0]]
[2022.11.01-18.38.37:847][  0]LogConfig: Applying CVar settings from Section [EffectsQuality@3] File [C:/Users/megnabb2/Documents/Unreal Projects/CS415FinalProject/Saved/Config/Windows/Scalability.ini]
[2022.11.01-18.38.37:847][  0]LogConfig: Setting CVar [[r.TranslucencyLightingVolumeDim:64]]
[2022.11.01-18.38.37:847][  0]LogConfig: Setting CVar [[r.RefractionQuality:2]]
[2022.11.01-18.38.37:847][  0]LogConfig: Setting CVar [[r.SSR.Quality:3]]
[2022.11.01-18.38.37:847][  0]LogConfig: Setting CVar [[r.SSR.HalfResSceneColor:0]]
[2022.11.01-18.38.37:847][  0]LogConfig: Setting CVar [[r.SceneColorFormat:4]]
[2022.11.01-18.38.37:847][  0]LogConfig: Setting CVar [[r.DetailMode:2]]
[2022.11.01-18.38.37:847][  0]LogConfig: Setting CVar [[r.TranslucencyVolumeBlur:1]]
[2022.11.01-18.38.37:847][  0]LogConfig: Setting CVar [[r.MaterialQualityLevel:1 ; High quality]]
[2022.11.01-18.38.37:847][  0]LogConfig: Setting CVar [[r.AnisotropicMaterials:1]]
[2022.11.01-18.38.37:847][  0]LogConfig: Setting CVar [[r.SSS.Scale:1]]
[2022.11.01-18.38.37:847][  0]LogConfig: Setting CVar [[r.SSS.SampleSet:2]]
[2022.11.01-18.38.37:847][  0]LogConfig: Setting CVar [[r.SSS.Quality:1]]
[2022.11.01-18.38.37:847][  0]LogConfig: Setting CVar [[r.SSS.HalfRes:0]]
[2022.11.01-18.38.37:847][  0]LogConfig: Setting CVar [[r.SSGI.Quality:3]]
[2022.11.01-18.38.37:847][  0]LogConfig: Setting CVar [[r.EmitterSpawnRateScale:1.0]]
[2022.11.01-18.38.37:847][  0]LogConfig: Setting CVar [[r.ParticleLightQuality:2]]
[2022.11.01-18.38.37:847][  0]LogConfig: Setting CVar [[r.SkyAtmosphere.AerialPerspectiveLUT.FastApplyOnOpaque:1 ; Always have FastSkyLUT 1 in this case to avoid wrong sky]]
[2022.11.01-18.38.37:847][  0]LogConfig: Setting CVar [[r.SkyAtmosphere.AerialPerspectiveLUT.SampleCountMaxPerSlice:4]]
[2022.11.01-18.38.37:847][  0]LogConfig: Setting CVar [[r.SkyAtmosphere.AerialPerspectiveLUT.DepthResolution:16.0]]
[2022.11.01-18.38.37:847][  0]LogConfig: Setting CVar [[r.SkyAtmosphere.FastSkyLUT:1]]
[2022.11.01-18.38.37:847][  0]LogConfig: Setting CVar [[r.SkyAtmosphere.FastSkyLUT.SampleCountMin:4.0]]
[2022.11.01-18.38.37:847][  0]LogConfig: Setting CVar [[r.SkyAtmosphere.FastSkyLUT.SampleCountMax:128.0]]
[2022.11.01-18.38.37:847][  0]LogConfig: Setting CVar [[r.SkyAtmosphere.SampleCountMin:4.0]]
[2022.11.01-18.38.37:847][  0]LogConfig: Setting CVar [[r.SkyAtmosphere.SampleCountMax:128.0]]
[2022.11.01-18.38.37:847][  0]LogConfig: Setting CVar [[r.SkyAtmosphere.TransmittanceLUT.UseSmallFormat:0]]
[2022.11.01-18.38.37:847][  0]LogConfig: Setting CVar [[r.SkyAtmosphere.TransmittanceLUT.SampleCount:10.0]]
[2022.11.01-18.38.37:847][  0]LogConfig: Setting CVar [[r.SkyAtmosphere.MultiScatteringLUT.SampleCount:15.0]]
[2022.11.01-18.38.37:847][  0]LogConfig: Setting CVar [[r.SkyLight.RealTimeReflectionCapture:1]]
[2022.11.01-18.38.37:847][  0]LogConfig: Applying CVar settings from Section [FoliageQuality@3] File [C:/Users/megnabb2/Documents/Unreal Projects/CS415FinalProject/Saved/Config/Windows/Scalability.ini]
[2022.11.01-18.38.37:847][  0]LogConfig: Setting CVar [[foliage.DensityScale:1.0]]
[2022.11.01-18.38.37:847][  0]LogConfig: Setting CVar [[grass.DensityScale:1.0]]
[2022.11.01-18.38.37:847][  0]LogConfig: Applying CVar settings from Section [ShadingQuality@3] File [C:/Users/megnabb2/Documents/Unreal Projects/CS415FinalProject/Saved/Config/Windows/Scalability.ini]
[2022.11.01-18.38.37:847][  0]LogConfig: Setting CVar [[r.HairStrands.SkyLighting.IntegrationType:2]]
[2022.11.01-18.38.37:847][  0]LogConfig: Setting CVar [[r.HairStrands.SkyAO.SampleCount:4]]
[2022.11.01-18.38.37:847][  0]LogConfig: Setting CVar [[r.HairStrands.Visibility.MSAA.SamplePerPixel:4]]
[2022.11.01-18.38.37:847][  0]LogConfig: Applying CVar settings from Section [Startup] File [../../../Engine/Config/ConsoleVariables.ini]
[2022.11.01-18.38.37:847][  0]LogConfig: Setting CVar [[net.UseAdaptiveNetUpdateFrequency:0]]
[2022.11.01-18.38.37:847][  0]LogConfig: Setting CVar [[p.chaos.AllowCreatePhysxBodies:1]]
[2022.11.01-18.38.37:847][  0]LogConfig: Setting CVar [[fx.SkipVectorVMBackendOptimizations:1]]
[2022.11.01-18.38.37:847][  0]LogConfig: Applying CVar settings from Section [ConsoleVariables] File [C:/Users/megnabb2/Documents/Unreal Projects/CS415FinalProject/Saved/Config/Windows/Engine.ini]
[2022.11.01-18.38.37:847][  0]LogConfig: Applying CVar settings from Section [ConsoleVariables] File [C:/Users/megnabb2/Documents/Unreal Projects/CS415FinalProject/Saved/Config/Windows/Editor.ini]
[2022.11.01-18.38.37:847][  0]LogInit: Computer: SIEBL-4107-20
[2022.11.01-18.38.37:848][  0]LogInit: User: megnabb2
[2022.11.01-18.38.37:848][  0]LogInit: CPU Page size=4096, Cores=4
[2022.11.01-18.38.37:848][  0]LogInit: High frequency timer resolution =10.000000 MHz
[2022.11.01-18.38.37:848][  0]LogMemory: Memory total: Physical=31.7GB (32GB approx)
[2022.11.01-18.38.37:848][  0]LogMemory: Platform Memory Stats for Windows
[2022.11.01-18.38.37:848][  0]LogMemory: Process Physical Memory: 142.84 MB used, 142.84 MB peak
[2022.11.01-18.38.37:848][  0]LogMemory: Process Virtual Memory: 126.57 MB used, 126.57 MB peak
[2022.11.01-18.38.37:848][  0]LogMemory: Physical Memory: 12781.10 MB used,  19671.07 MB free, 32452.16 MB total
[2022.11.01-18.38.37:848][  0]LogMemory: Virtual Memory: 134197368.00 MB used,  20357.84 MB free, 134217728.00 MB total
[2022.11.01-18.38.37:854][  0]LogWindows: WindowsPlatformFeatures enabled
[2022.11.01-18.38.37:885][  0]LogInit: Physics initialised using underlying interface: PhysX
[2022.11.01-18.38.37:885][  0]LogInit: Using OS detected language (en-US).
[2022.11.01-18.38.37:885][  0]LogInit: Using OS detected locale (en-US).
[2022.11.01-18.38.37:891][  0]LogTextLocalizationManager: No specific localization for 'en-US' exists, so the 'en' localization will be used.
[2022.11.01-18.38.38:085][  0]LogInit: Setting process to per monitor DPI aware
[2022.11.01-18.38.38:101][  0]LogWindowsTextInputMethodSystem: Display: IME system deactivated.
[2022.11.01-18.38.38:115][  0]LogSlate: New Slate User Created.  User Index 0, Is Virtual User: 0
[2022.11.01-18.38.38:115][  0]LogSlate: Slate User Registered.  User Index 0, Is Virtual User: 0
[2022.11.01-18.38.38:291][  0]LogD3D11RHI: Loaded GFSDK_Aftermath_Lib.x64.dll
[2022.11.01-18.38.38:294][  0]LogHMD: Failed to initialize OpenVR with code 110
[2022.11.01-18.38.38:294][  0]LogD3D11RHI: D3D11 min allowed feature level: 11_0
[2022.11.01-18.38.38:294][  0]LogD3D11RHI: D3D11 max allowed feature level: 11_0
[2022.11.01-18.38.38:294][  0]LogD3D11RHI: D3D11 adapters:
[2022.11.01-18.38.38:422][  0]LogD3D11RHI:    0. 'NVIDIA GeForce RTX 3090' (Feature Level 11_0)
[2022.11.01-18.38.38:422][  0]LogD3D11RHI:       24348/0/16226 MB DedicatedVideo/DedicatedSystem/SharedSystem, Outputs:1, VendorId:0x10de
[2022.11.01-18.38.38:425][  0]LogD3D11RHI:    1. 'Microsoft Basic Render Driver' (Feature Level 11_0)
[2022.11.01-18.38.38:425][  0]LogD3D11RHI:       0/0/16226 MB DedicatedVideo/DedicatedSystem/SharedSystem, Outputs:0, VendorId:0x1414
[2022.11.01-18.38.38:425][  0]LogD3D11RHI: Chosen D3D11 Adapter:
[2022.11.01-18.38.38:425][  0]LogD3D11RHI:     Description : NVIDIA GeForce RTX 3090
[2022.11.01-18.38.38:426][  0]LogD3D11RHI:     VendorId    : 10de
[2022.11.01-18.38.38:426][  0]LogD3D11RHI:     DeviceId    : 2204
[2022.11.01-18.38.38:426][  0]LogD3D11RHI:     SubSysId    : 38801028
[2022.11.01-18.38.38:426][  0]LogD3D11RHI:     Revision    : 00a1
[2022.11.01-18.38.38:426][  0]LogD3D11RHI:     DedicatedVideoMemory : 25530728448 bytes
[2022.11.01-18.38.38:426][  0]LogD3D11RHI:     DedicatedSystemMemory : 0 bytes
[2022.11.01-18.38.38:426][  0]LogD3D11RHI:     SharedSystemMemory : 17014280192 bytes
[2022.11.01-18.38.38:426][  0]LogD3D11RHI:     AdapterLuid : 0 668855
[2022.11.01-18.38.38:431][  0]LogD3D11RHI: Creating new Direct3DDevice
[2022.11.01-18.38.38:431][  0]LogD3D11RHI:     GPU DeviceId: 0x2204 (for the marketing name, search the web for "GPU Device Id")
[2022.11.01-18.38.38:431][  0]LogWindows: EnumDisplayDevices:
[2022.11.01-18.38.38:431][  0]LogWindows:    0. 'NVIDIA GeForce RTX 3090' (P:1 D:1)
[2022.11.01-18.38.38:432][  0]LogWindows:    1. 'NVIDIA GeForce RTX 3090' (P:0 D:0)
[2022.11.01-18.38.38:432][  0]LogWindows:    2. 'NVIDIA GeForce RTX 3090' (P:0 D:0)
[2022.11.01-18.38.38:432][  0]LogWindows:    3. 'NVIDIA GeForce RTX 3090' (P:0 D:0)
[2022.11.01-18.38.38:433][  0]LogWindows: DebugString: FoundDriverCount:4 
[2022.11.01-18.38.38:433][  0]LogD3D11RHI:     Adapter Name: NVIDIA GeForce RTX 3090
[2022.11.01-18.38.38:433][  0]LogD3D11RHI:   Driver Version: 512.13 (internal:30.0.15.1213, unified:512.13)
[2022.11.01-18.38.38:433][  0]LogD3D11RHI:      Driver Date: 3-16-2022
[2022.11.01-18.38.38:433][  0]LogRHI: Texture pool is 17043 MB (70% of 24348 MB)
[2022.11.01-18.38.38:433][  0]LogD3D11RHI: Creating D3DDevice using adapter:
[2022.11.01-18.38.38:433][  0]LogD3D11RHI:     Description : NVIDIA GeForce RTX 3090
[2022.11.01-18.38.38:433][  0]LogD3D11RHI:     VendorId    : 10de
[2022.11.01-18.38.38:433][  0]LogD3D11RHI:     DeviceId    : 2204
[2022.11.01-18.38.38:433][  0]LogD3D11RHI:     SubSysId    : 38801028
[2022.11.01-18.38.38:433][  0]LogD3D11RHI:     Revision    : 00a1
[2022.11.01-18.38.38:433][  0]LogD3D11RHI:     DedicatedVideoMemory : 25530728448 bytes
[2022.11.01-18.38.38:433][  0]LogD3D11RHI:     DedicatedSystemMemory : 0 bytes
[2022.11.01-18.38.38:433][  0]LogD3D11RHI:     SharedSystemMemory : 17014280192 bytes
[2022.11.01-18.38.38:433][  0]LogD3D11RHI:     AdapterLuid : 0 668855
[2022.11.01-18.38.38:507][  0]LogD3D11RHI: RHI has support for 64 bit atomics
[2022.11.01-18.38.38:507][  0]LogD3D11RHI: Async texture creation enabled
[2022.11.01-18.38.38:507][  0]LogD3D11RHI: Array index from any shader is supported
[2022.11.01-18.38.38:509][  0]LogD3D11RHI: HDR output is supported on display 0 (NvId: 0x80061086).
[2022.11.01-18.38.38:523][  0]LogD3D11RHI: GPU Timing Frequency: 1000.000000 (Debug: 2 1)
[2022.11.01-18.38.38:582][  0]LogRHI: GeForceNow SDK initialized: 1
[2022.11.01-18.38.39:070][  0]LogTargetPlatformManager: Display: Loaded TargetPlatform 'AllDesktop'
[2022.11.01-18.38.39:094][  0]LogTargetPlatformManager: Display: Loaded TargetPlatform 'Android'
[2022.11.01-18.38.39:094][  0]LogTargetPlatformManager: Display: Loaded TargetPlatform 'Android_ASTC'
[2022.11.01-18.38.39:094][  0]LogTargetPlatformManager: Display: Loaded TargetPlatform 'Android_DXT'
[2022.11.01-18.38.39:094][  0]LogTargetPlatformManager: Display: Loaded TargetPlatform 'Android_ETC2'
[2022.11.01-18.38.39:094][  0]LogTargetPlatformManager: Display: Loaded TargetPlatform 'AndroidClient'
[2022.11.01-18.38.39:094][  0]LogTargetPlatformManager: Display: Loaded TargetPlatform 'Android_ASTCClient'
[2022.11.01-18.38.39:094][  0]LogTargetPlatformManager: Display: Loaded TargetPlatform 'Android_DXTClient'
[2022.11.01-18.38.39:094][  0]LogTargetPlatformManager: Display: Loaded TargetPlatform 'Android_ETC2Client'
[2022.11.01-18.38.39:094][  0]LogTargetPlatformManager: Display: Loaded TargetPlatform 'Android_Multi'
[2022.11.01-18.38.39:094][  0]LogTargetPlatformManager: Display: Loaded TargetPlatform 'Android_MultiClient'
[2022.11.01-18.38.39:115][  0]LogTargetPlatformManager: Display: Loaded TargetPlatform 'IOSClient'
[2022.11.01-18.38.39:115][  0]LogTargetPlatformManager: Display: Loaded TargetPlatform 'IOS'
[2022.11.01-18.38.39:128][  0]LogTargetPlatformManager: Display: Loaded TargetPlatform 'Linux'
[2022.11.01-18.38.39:134][  0]LogTargetPlatformManager: Display: Loaded TargetPlatform 'LinuxNoEditor'
[2022.11.01-18.38.39:139][  0]LogTargetPlatformManager: Display: Loaded TargetPlatform 'LinuxClient'
[2022.11.01-18.38.39:144][  0]LogTargetPlatformManager: Display: Loaded TargetPlatform 'LinuxServer'
[2022.11.01-18.38.39:153][  0]LogTargetPlatformManager: Display: Loaded TargetPlatform 'LinuxAArch64NoEditor'
[2022.11.01-18.38.39:160][  0]LogTargetPlatformManager: Display: Loaded TargetPlatform 'LinuxAArch64Client'
[2022.11.01-18.38.39:165][  0]LogTargetPlatformManager: Display: Loaded TargetPlatform 'LinuxAArch64Server'
[2022.11.01-18.38.39:191][  0]LogTargetPlatformManager: Display: Loaded TargetPlatform 'Lumin'
[2022.11.01-18.38.39:191][  0]LogTargetPlatformManager: Display: Loaded TargetPlatform 'LuminClient'
[2022.11.01-18.38.39:200][  0]LogTargetPlatformManager: Display: Loaded TargetPlatform 'MacNoEditor'
[2022.11.01-18.38.39:206][  0]LogTargetPlatformManager: Display: Loaded TargetPlatform 'Mac'
[2022.11.01-18.38.39:211][  0]LogTargetPlatformManager: Display: Loaded TargetPlatform 'MacClient'
[2022.11.01-18.38.39:216][  0]LogTargetPlatformManager: Display: Loaded TargetPlatform 'MacServer'
[2022.11.01-18.38.39:227][  0]LogTargetPlatformManager: Display: Loaded TargetPlatform 'TVOSClient'
[2022.11.01-18.38.39:228][  0]LogTargetPlatformManager: Display: Loaded TargetPlatform 'TVOS'
[2022.11.01-18.38.39:238][  0]LogTargetPlatformManager: Display: Loaded TargetPlatform 'WindowsNoEditor'
[2022.11.01-18.38.39:244][  0]LogTargetPlatformManager: Display: Loaded TargetPlatform 'Windows'
[2022.11.01-18.38.39:249][  0]LogTargetPlatformManager: Display: Loaded TargetPlatform 'WindowsClient'
[2022.11.01-18.38.39:255][  0]LogTargetPlatformManager: Display: Loaded TargetPlatform 'WindowsServer'
[2022.11.01-18.38.39:255][  0]LogTargetPlatformManager: Display: Building Assets For Windows
[2022.11.01-18.38.39:265][  0]LogAudioDebug: Display: Lib vorbis DLL was dynamically loaded.
[2022.11.01-18.38.39:304][  0]LogTextureFormatOodle: Display: Oodle Texture 2.9.0 init RDO Off
[2022.11.01-18.38.39:343][  0]LogRendererCore: Ray tracing is disabled. Reason: r.RayTracing=0.
[2022.11.01-18.38.39:343][  0]LogShaderCompilers: Guid format shader working directory is -27 characters bigger than the processId version (../../../../../../Users/megnabb2/Documents/Unreal Projects/CS415FinalProject/Intermediate/Shaders/WorkingDirectory/3352/).
[2022.11.01-18.38.39:343][  0]LogShaderCompilers: Cleaned the shader compiler working directory 'C:/Users/megnabb2/AppData/Local/Temp/UnrealShaderWorkingDir/5506B1004A92EF550A9D93B8D9D7BF9D/'.
[2022.11.01-18.38.39:343][  0]LogXGEController: Cannot use XGE Controller as Incredibuild is not installed on this machine.
[2022.11.01-18.38.39:343][  0]LogShaderCompilers: Cannot use XGE Shader Compiler as Incredibuild is not installed on this machine.
[2022.11.01-18.38.39:343][  0]LogShaderCompilers: Display: Using Local Shader Compiler.
[2022.11.01-18.38.40:158][  0]LogDerivedDataCache: Display: Max Cache Size: 512 MB
[2022.11.01-18.38.40:223][  0]LogDerivedDataCache: Loaded boot cache 0.06s 94MB C:/Users/megnabb2/AppData/Local/UnrealEngine/4.27/DerivedDataCache/Boot.ddc.
[2022.11.01-18.38.40:223][  0]LogDerivedDataCache: Display: Loaded Boot cache: C:/Users/megnabb2/AppData/Local/UnrealEngine/4.27/DerivedDataCache/Boot.ddc
[2022.11.01-18.38.40:224][  0]LogDerivedDataCache: FDerivedDataBackendGraph:  Pak pak cache file ../../../../../../Users/megnabb2/Documents/Unreal Projects/CS415FinalProject/DerivedDataCache/DDC.ddp not found, will not use a pak cache.
[2022.11.01-18.38.40:224][  0]LogDerivedDataCache: Unable to find inner node Pak for hierarchical cache Hierarchy.
[2022.11.01-18.38.40:224][  0]LogDerivedDataCache: FDerivedDataBackendGraph:  CompressedPak pak cache file ../../../../../../Users/megnabb2/Documents/Unreal Projects/CS415FinalProject/DerivedDataCache/Compressed.ddp not found, will not use a pak cache.
[2022.11.01-18.38.40:224][  0]LogDerivedDataCache: Unable to find inner node CompressedPak for hierarchical cache Hierarchy.
[2022.11.01-18.38.40:240][  0]LogDerivedDataCache: Display: Pak cache opened for reading ../../../Engine/DerivedDataCache/Compressed.ddp.
[2022.11.01-18.38.40:240][  0]LogDerivedDataCache: FDerivedDataBackendGraph:  EnterprisePak pak cache file ../../../Enterprise/DerivedDataCache/Compressed.ddp not found, will not use a pak cache.
[2022.11.01-18.38.40:240][  0]LogDerivedDataCache: Unable to find inner node EnterprisePak for hierarchical cache Hierarchy.
[2022.11.01-18.38.40:251][  0]LogDerivedDataCache: Speed tests for C:/Users/megnabb2/AppData/Local/UnrealEngine/Common/DerivedDataCache took 0.01 seconds
[2022.11.01-18.38.40:251][  0]LogDerivedDataCache: Display: Performance to C:/Users/megnabb2/AppData/Local/UnrealEngine/Common/DerivedDataCache: Latency=0.04ms. RandomReadSpeed=546.30MBs, RandomWriteSpeed=105.03MBs. Assigned SpeedClass 'Local'
[2022.11.01-18.38.40:252][  0]LogDerivedDataCache: Using Local data cache path C:/Users/megnabb2/AppData/Local/UnrealEngine/Common/DerivedDataCache: Writable
[2022.11.01-18.38.40:252][  0]LogDerivedDataCache: Shared data cache path not found in *engine.ini, will not use an Shared cache.
[2022.11.01-18.38.40:252][  0]LogDerivedDataCache: Unable to find inner node Shared for hierarchical cache Hierarchy.
[2022.11.01-18.38.40:296][  0]LogSlate: Using FreeType 2.10.0
[2022.11.01-18.38.40:297][  0]LogSlate: SlateFontServices - WITH_FREETYPE: 1, WITH_HARFBUZZ: 1
[2022.11.01-18.38.40:325][  0]LogAssetRegistry: FAssetRegistry took 0.0029 seconds to start up
[2022.11.01-18.38.40:596][  0]LogInit: Selected Device Profile: [Windows]
[2022.11.01-18.38.40:596][  0]LogInit: Active device profile: [000001E761707F00][000001E75ECF7380 49] Windows
[2022.11.01-18.38.40:596][  0]LogInit: Profiles: [000001E761707F00][000001E75ECF7380 49] Windows, [000001E761717F00][000001E761105500 49] WindowsNoEditor, [000001E761704200][000001E761109680 49] WindowsServer, [000001E761715F00][000001E76110D800 49] WindowsClient, [000001E761706000][000001E75E9C3980 49] IOS, [000001E761717700][000001E75E9C7B00 49] iPadAir, [000001E761704800][000001E75E9CA100 49] iPadAir2, [000001E7616BC900][000001E75E9D23C0 49] IPadPro, [000001E7616BCA00][000001E75E9CE400 49] iPadAir3, [000001E761704600][000001E757A32580 49] iPadAir4, [000001E7616BC700][000001E757A36700 49] iPadMini2, [000001E761704B00][000001E757A3A880 49] iPadMini3, [000001E7616BD600][000001E75ECFA9C0 49] iPadMini4, [000001E761706B00][000001E757A3EB00 49] iPadMini5, [000001E761716000][000001E757A46D40 49] iPhone6, [000001E7616BBF00][000001E757A42D80 49] iPodTouch6, [000001E761717C00][000001E757A53040 49] iPhone7, [000001E761714500][000001E757A4F080 49] iPodTouch7, [000001E7616B8700][000001E757A57200 49] iPhone5S, [000001E761714C00][000001E757A5B380 49] iPhone6Plus, [000001E7616BB400][000001E757A5F500 49] iPhone6S, [000001E761716F00][000001E757A63680 49] iPhone6SPlus, [000001E7616B8F00][000001E757A67800 49] iPhone7Plus, [000001E761715B00][000001E757453980 49] iPhoneSE, [000001E7616BAC00][000001E757457B00 49] iPhone8, [000001E761716800][000001E75745A100 49] iPhone8Plus, [000001E7616B9600][000001E75745E280 49] iPhoneX, [000001E761714800][000001E757462400 49] iPhoneXS, [000001E7616BA500][000001E757466580 49] iPhoneXSMax, [000001E761717900][000001E75746A700 49] iPhoneXR, [000001E7616B9D00][000001E75746E880 49] iPhone11, [000001E761716200][000001E757472A00 49] iPhone11Pro, [000001E7616BB500][000001E757A4AB40 49] iPhone11ProMax, [000001E761715400][000001E757476C80 49] iPhoneSE2, [000001E7616B8C00][000001E75747ADC0 49] iPhone12Mini, [000001E761717100][000001E75747EF00 49] iPhone12, [000001E7616BAF00][000001E757487080 49] iPhone12Pro, [000001E761715C00][000001E75748B200 49] iPhone12ProMax, [000001E7616BA900][000001E755EB1380 49] iPadPro105, [000001E761716D00][000001E755EB5500 49] iPadPro129, [000001E7616B9700][000001E755EB9680 49] iPadPro97, [000001E761715600][000001E755EBD800 49] iPadPro2_129, [000001E7616B8D00][000001E755EC1980 49] iPad5, [000001E761715500][000001E755EC5B00 49] iPad6, [000001E7616BAB00][000001E755EC8100 49] iPad7, [000001E761714A00][000001E755ECC280 49] iPad8, [000001E7616B8600][000001E755ED0400 49] iPadPro11, [000001E761717000][000001E755ED4580 49] iPadPro2_11, [000001E7616B8E00][000001E755ED8700 49] iPadPro3_129, [000001E761714E00][000001E755EDC880 49] iPadPro4_129, [000001E7616B9800][000001E755EE0A00 49] AppleTV, [000001E761715900][000001E755EE4B80 49] AppleTV4K, [000001E7616BBE00][000001E755EE8D00 49] TVOS, [000001E761715D00][000001E757482E40 49] Mac, [000001E7616BAD00][000001E755EECF80 49] MacClient, [000001E761716900][000001E755EF10C0 49] MacNoEditor, [000001E7616B9300][000001E75ECA5240 49] MacServer, [000001E761716100][000001E75ECA93C0 49] Linux, [000001E7616BBA00][000001E75ECAD540 49] LinuxAArch64, [000001E761717A00][000001E75ECB16C0 49] LinuxNoEditor, [000001E7616BBC00][000001E75ECB5840 49] LinuxAArch64NoEditor, [000001E761716B00][000001E75ECB99C0 49] LinuxClient, [000001E7616BBB00][000001E75ECBDB40 49] LinuxAArch64Client, [000001E761717E00][000001E75ECC0140 49] LinuxServer, [000001E7616BB600][000001E75ECC42C0 49] LinuxAArch64Server, [000001E761715200][000001E75ECC8440 49] Android, [000001E7616BA600][000001E75ECCC5C0 49] Android_Low, [000001E761716C00][000001E75ECD0740 49] Android_Mid, [000001E7616BBD00][000001E75ECD48C0 49] Android_High, [000001E761714400][000001E75ECD8A40 49] Android_Default, [000001E761792D00][000001E75ECDCBC0 49] Android_Adreno4xx, [000001E761705E00][000001E75ECE0D40 49] Android_Adreno5xx_Low, [000001E761791200][000001E755B7CEC0 49] Android_Adreno5xx, [000001E761707500][000001E75ECA1000 49] Android_Adreno6xx, [000001E761790F00][000001E755B81140 49] Android_Adreno6xx_Vulkan, [000001E761705100][000001E755B85280 49] Android_Mali_T6xx, [000001E761792800][000001E755B893C0 49] Android_Mali_T7xx, [000001E761706300][000001E755B91540 49] Android_Mali_T8xx, [000001E761790E00][000001E755B956C0 49] Android_Mali_G71, [000001E761707600][000001E755B99840 49] Android_Mali_G72, [000001E761791F00][000001E755B9D9C0 49] Android_Mali_G72_Vulkan, [000001E761706C00][000001E755BA1B40 49] Android_Mali_G76, [000001E761791C00][000001E755BA4140 49] Android_Mali_G76_Vulkan, [000001E761705F00][000001E755BB22C0 49] Android_Mali_G77, [000001E761790800][000001E755BB6440 49] Android_Mali_G77_Vulkan, [000001E761705000][000001E755BBA5C0 49] Android_Mali_G78, [000001E761716E00][000001E755BBE740 49] Android_Mali_G78_Vulkan, [000001E761707800][000001E755BC28C0 49] Android_Mali_G710, [000001E761793000][000001E760E0AA40 49] Android_Mali_G710_Vulkan, [000001E761707100][000001E760E0EBC0 49] Android_Vulkan_SM5, [000001E761792300][000001E760E12D40 49] Android_PowerVR_G6xxx, [000001E7616B9E00][000001E760E16EC0 49] Android_PowerVR_GT7xxx, [000001E761792100][000001E760E1B040 49] Android_PowerVR_GE8xxx, [000001E7616B9C00][000001E755B8D180 49] Android_PowerVR_GM9xxx, [000001E761791100][000001E760E392C0 49] Android_PowerVR_GM9xxx_Vulkan, [000001E7616B9200][000001E760E3D400 49] Android_TegraK1, [000001E761792C00][000001E760E41540 49] Android_Unknown_Vulkan, [000001E7616BAA00][000001E760E496C0 49] Lumin, [000001E761792400][000001E760E4D840 49] Lumin_Desktop, [000001E7616BAE00][000001E760E519C0 49] HoloLens, 
[2022.11.01-18.38.40:771][  0]LogMeshReduction: Using QuadricMeshReduction for automatic static mesh reduction
[2022.11.01-18.38.40:771][  0]LogMeshReduction: Using SimplygonMeshReduction for automatic skeletal mesh reduction
[2022.11.01-18.38.40:771][  0]LogMeshReduction: Using ProxyLODMeshReduction for automatic mesh merging
[2022.11.01-18.38.40:771][  0]LogMeshReduction: No distributed automatic mesh merging module available
[2022.11.01-18.38.40:771][  0]LogMeshMerging: No distributed automatic mesh merging module available
[2022.11.01-18.38.40:790][  0]LogNetVersion: CS415FinalProject 1.0.0, NetCL: 17155196, EngineNetVer: 17, GameNetVer: 0 (Checksum: 4261368515)
[2022.11.01-18.38.41:225][  0]LogTexture: Default maximum texture size for cubemaps generated from long-lat sources has been changed from 512 to unlimited. In order to preserve old behaiour for '/Engine/MapTemplates/Sky/DaylightAmbientCubemap.DaylightAmbientCubemap', its maximum texture size has been explicitly set to 512.
[2022.11.01-18.38.41:284][  0]LogHMD: PokeAHoleMaterial loaded successfully
[2022.11.01-18.38.41:291][  0]LogUObjectArray: 17178 objects as part of root set at end of initial load.
[2022.11.01-18.38.41:291][  0]LogUObjectAllocator: 4302048 out of 0 bytes used by permanent object pool.
[2022.11.01-18.38.41:291][  0]LogUObjectArray: CloseDisregardForGC: 0/0 objects in disregard for GC pool
[2022.11.01-18.38.41:605][  0]LogNiagaraDebuggerClient: Niagara Debugger Client Initialized | Session: 6848E4BA410048A16192909A374CAF23 | Instance: A7CF943E40C88EECCED9BEA5799F3175 (SIEBL-4107-20-3352).
[2022.11.01-18.38.41:644][  0]LogPython: Using Python 3.7.7
[2022.11.01-18.38.42:293][  0]LogTcpMessaging: Initializing TcpMessaging bridge
[2022.11.01-18.38.42:298][  0]LogUdpMessaging: Initializing bridge on interface 0.0.0.0:0 to multicast group 230.0.0.1:6666.
[2022.11.01-18.38.42:473][  0]SourceControl: Source control is disabled
[2022.11.01-18.38.42:473][  0]SourceControl: Source control is disabled
[2022.11.01-18.38.42:477][  0]SourceControl: Source control is disabled
[2022.11.01-18.38.42:480][  0]SourceControl: Source control is disabled
[2022.11.01-18.38.42:492][  0]SourceControl: Source control is disabled
[2022.11.01-18.38.42:499][  0]LogUProjectInfo: Found projects:
[2022.11.01-18.38.42:507][  0]LogVSAccessor: Display: Unable to create Visual Studio setup instance: 80040154
[2022.11.01-18.38.42:507][  0]LogVSAccessor: Display: Unable to create Visual Studio setup instance: 80040154
[2022.11.01-18.38.42:508][  0]LogVSAccessor: Display: Unable to create Visual Studio setup instance: 80040154
[2022.11.01-18.38.42:726][  0]LogOpenImageDenoise: OIDN starting up
[2022.11.01-18.38.42:789][  0]LogAndroidPermission: UAndroidPermissionCallbackProxy::GetInstance
[2022.11.01-18.38.42:818][  0]LogAudioCaptureCore: Display: No Audio Capture implementations found. Audio input will be silent.
[2022.11.01-18.38.42:818][  0]LogAudioCaptureCore: Display: No Audio Capture implementations found. Audio input will be silent.
[2022.11.01-18.38.42:961][  0]LogCollectionManager: Loaded 0 collections in 0.001547 seconds
[2022.11.01-18.38.42:990][  0]LogFileCache: Scanning file cache for directory 'C:/Users/megnabb2/Documents/Unreal Projects/CS415FinalProject/Saved/Collections/' took 0.00s
[2022.11.01-18.38.42:990][  0]LogFileCache: Scanning file cache for directory 'C:/Users/megnabb2/Documents/Unreal Projects/CS415FinalProject/Content/Developers/megnabb2/Collections/' took 0.00s
[2022.11.01-18.38.42:990][  0]LogFileCache: Scanning file cache for directory 'C:/Users/megnabb2/Documents/Unreal Projects/CS415FinalProject/Content/Collections/' took 0.00s
[2022.11.01-18.38.42:990][  0]LogOcInput: OculusInput pre-init called
[2022.11.01-18.38.43:244][  0]LogEngine: Initializing Engine...
[2022.11.01-18.38.43:247][  0]LogHMD: Failed to enumerate extensions. Please check that you have a valid OpenXR runtime installed.
[2022.11.01-18.38.43:247][  0]LogHMD: Failed to initialize OpenVR with code 110
[2022.11.01-18.38.43:247][  0]LogMagicLeap: Warning: VR disabled because ZI is not enabled.  To enable, in the editor, Edit -> Project Settings -> Plugins -> Magic Leap Plugin -> Enable Zero Iteration
[2022.11.01-18.38.43:248][  0]LogStats: UGameplayTagsManager::InitializeManager -  0.000 s
[2022.11.01-18.38.43:396][  0]LogInit: Initializing FReadOnlyCVARCache
[2022.11.01-18.38.43:405][  0]LogAIModule: Creating AISystem for world Untitled
[2022.11.01-18.38.43:407][  0]LogAudio: Display: Initializing Audio Device Manager...
[2022.11.01-18.38.43:411][  0]LogAudio: Display: Loading Default Audio Settings Objects...
[2022.11.01-18.38.43:412][  0]LogAudio: Display: No default SoundConcurrencyObject specified (or failed to load).
[2022.11.01-18.38.43:413][  0]LogAudio: Display: Audio Device Manager Initialized
[2022.11.01-18.38.43:413][  0]LogAudio: Display: Creating Audio Device:                 Id: 1, Scope: Shared, Realtime: True
[2022.11.01-18.38.43:413][  0]LogAudioMixer: Display: Audio Mixer Platform Settings:
[2022.11.01-18.38.43:413][  0]LogAudioMixer: Display: 	Sample Rate:						  48000
[2022.11.01-18.38.43:413][  0]LogAudioMixer: Display: 	Callback Buffer Frame Size Requested: 1024
[2022.11.01-18.38.43:413][  0]LogAudioMixer: Display: 	Callback Buffer Frame Size To Use:	  1024
[2022.11.01-18.38.43:413][  0]LogAudioMixer: Display: 	Number of buffers to queue:			  2
[2022.11.01-18.38.43:413][  0]LogAudioMixer: Display: 	Max Channels (voices):				  32
[2022.11.01-18.38.43:413][  0]LogAudioMixer: Display: 	Number of Async Source Workers:		  0
[2022.11.01-18.38.43:413][  0]LogAudio: Display: AudioDevice MaxSources: 32
[2022.11.01-18.38.43:413][  0]LogAudio: Display: Audio Spatialization Plugin: None (built-in).
[2022.11.01-18.38.43:413][  0]LogAudio: Display: Audio Reverb Plugin: None (built-in).
[2022.11.01-18.38.43:413][  0]LogAudio: Display: Audio Occlusion Plugin: None (built-in).
[2022.11.01-18.38.43:413][  0]LogAudioMixer: Display: Initializing audio mixer.
[2022.11.01-18.38.43:426][  0]LogAudioMixer: Display: 0: FrontLeft
[2022.11.01-18.38.43:426][  0]LogAudioMixer: Display: 1: FrontRight
[2022.11.01-18.38.43:447][  0]LogAudioMixer: Display: Using Audio Device DELL S2721DGF (NVIDIA High Definition Audio)
[2022.11.01-18.38.43:451][  0]LogAudioMixer: Display: Initializing Sound Submixes...
[2022.11.01-18.38.43:453][  0]LogAudioMixer: Display: Creating Master Submix 'MasterSubmixDefault'
[2022.11.01-18.38.43:453][  0]LogAudioMixer: Display: Creating Master Submix 'MasterReverbSubmixDefault'
[2022.11.01-18.38.43:454][  0]LogAudioMixer: Display: Creating Master Submix 'MasterEQSubmixDefault'
[2022.11.01-18.38.43:454][  0]LogAudioMixer: FMixerPlatformXAudio2::StartAudioStream() called
[2022.11.01-18.38.43:454][  0]LogAudioMixer: Display: Output buffers initialized: Frames=1024, Channels=2, Samples=2048
[2022.11.01-18.38.43:456][  0]LogAudioMixer: Display: Starting AudioMixerPlatformInterface::RunInternal()
[2022.11.01-18.38.43:456][  0]LogAudioMixer: Display: FMixerPlatformXAudio2::SubmitBuffer() called for the first time
[2022.11.01-18.38.43:456][  0]LogInit: FAudioDevice initialized.
[2022.11.01-18.38.43:456][  0]LogAudio: Display: Audio Device (ID: 1) registered with world 'Untitled'.
[2022.11.01-18.38.43:456][  0]LogNetVersion: Set ProjectVersion to 1.0.0.0. Version Checksum will be recalculated on next use.
[2022.11.01-18.38.43:514][  0]LogDerivedDataCache: Saved boot cache 0.06s 94MB C:/Users/megnabb2/AppData/Local/UnrealEngine/4.27/DerivedDataCache/Boot.ddc.
[2022.11.01-18.38.43:514][  0]LogInit: Texture streaming: Enabled
[2022.11.01-18.38.43:528][  0]LogAnalytics: Display: [UEEditor.Rocket.Release] APIServer = https://datarouter.ol.epicgames.com/. AppVersion = 4.27.2-18319896+++UE4+Release-4.27
[2022.11.01-18.38.43:533][  0]LogEngineSessionManager: EngineSessionManager initialized
[2022.11.01-18.38.43:533][  0]LogEditorSessionSummary: Verbose: Initializing EditorSessionSummaryWriter for editor session tracking
[2022.11.01-18.38.43:539][  0]LogEditorSessionSummary: EditorSessionSummaryWriter initialized
[2022.11.01-18.38.43:564][  0]LogInit: Transaction tracking system initialized
[2022.11.01-18.38.43:589][  0]BlueprintLog: New page: Editor Load
[2022.11.01-18.38.43:659][  0]LocalizationService: Localization service is disabled
[2022.11.01-18.38.43:688][  0]TimingProfiler: Initialize
[2022.11.01-18.38.43:688][  0]TimingProfiler: OnSessionChanged
[2022.11.01-18.38.43:688][  0]LoadingProfiler: Initialize
[2022.11.01-18.38.43:688][  0]LoadingProfiler: OnSessionChanged
[2022.11.01-18.38.43:688][  0]NetworkingProfiler: Initialize
[2022.11.01-18.38.43:688][  0]NetworkingProfiler: OnSessionChanged
[2022.11.01-18.38.43:689][  0]MemoryProfiler: Initialize
[2022.11.01-18.38.43:689][  0]MemoryProfiler: OnSessionChanged
[2022.11.01-18.38.43:759][  0]LogVSAccessor: Display: Unable to create Visual Studio setup instance: 80040154
[2022.11.01-18.38.43:759][  0]LogVSAccessor: Display: Unable to create Visual Studio setup instance: 80040154
[2022.11.01-18.38.43:759][  0]LogVSAccessor: Display: Unable to create Visual Studio setup instance: 80040154
[2022.11.01-18.38.43:865][  0]LogCook: Display: CookSettings for Memory: MemoryMaxUsedVirtual 0MiB, MemoryMaxUsedPhysical 16384MiB, MemoryMinFreeVirtual 0MiB, MemoryMinFreePhysical 1024MiB
[2022.11.01-18.38.43:865][  0]LogCook: Display: Mobile HDR setting 1
[2022.11.01-18.38.44:087][  0]LogFileCache: Scanning file cache for directory 'C:/Users/megnabb2/Documents/Unreal Projects/CS415FinalProject/Content/' took 0.07s
[2022.11.01-18.38.44:298][  0]LogInit: Display: Engine is initialized. Leaving FEngineLoop::Init()
[2022.11.01-18.38.44:305][  0]SourceControl: Source control is disabled
[2022.11.01-18.38.44:424][  0]LogSlate: Took 0.000390 seconds to synchronously load lazily loaded font '../../../Engine/Content/Slate/Fonts/Roboto-Regular.ttf' (155K)
[2022.11.01-19.37.48:117][  0]LogAudioMixer: Display: Audio Buffer Underrun (starvation) detected.
[2022.11.01-21.19.30:873][  0]LogSlate: Window 'Restore Packages' being destroyed
[2022.11.01-21.19.30:886][  0]LogUnrealEdMisc: Loading editor; pre map load, took 9654.898
[2022.11.01-21.19.30:890][  0]Cmd: MAP LOAD FILE="../../../../../../Users/megnabb2/Documents/Unreal Projects/CS415FinalProject/Content/FirstPersonBP/Maps/FirstPersonExampleMap.umap" TEMPLATE=0 SHOWPROGRESS=1 FEATURELEVEL=3
[2022.11.01-21.19.30:898][  0]LightingResults: New page: Lighting Build
[2022.11.01-21.19.30:921][  0]LogWorld: UWorld::CleanupWorld for Untitled, bSessionEnded=true, bCleanupResources=true
[2022.11.01-21.19.30:923][  0]LogSlate: InvalidateAllWidgets triggered.  All widgets were invalidated
[2022.11.01-21.19.30:924][  0]MapCheck: New page: Map Check
[2022.11.01-21.19.30:924][  0]LightingResults: New page: Lighting Build
[2022.11.01-21.19.30:958][  0]LogAudio: Display: Audio Device unregistered from world 'None'.
[2022.11.01-21.19.30:971][  0]LogUObjectHash: Compacting FUObjectHashTables data took   6.34ms
[2022.11.01-21.19.31:254][  0]LogTexture: Display: Building textures: DeprecatedTexture4E9A31EC459F824B7293D9A5960F381F (BGRA8, 128X128)
[2022.11.01-21.19.31:297][  0]LogAudio: Display: Audio Device (ID: 1) registered with world 'FirstPersonExampleMap'.
[2022.11.01-21.19.31:298][  0]LogAIModule: Creating AISystem for world FirstPersonExampleMap
[2022.11.01-21.19.31:309][  0]LogEditorServer: Finished looking for orphan Actors (0.000 secs)
[2022.11.01-21.19.31:320][  0]LogUObjectHash: Compacting FUObjectHashTables data took   1.44ms
[2022.11.01-21.19.31:321][  0]Cmd: MAP CHECKDEP NOCLEARLOG
[2022.11.01-21.19.31:322][  0]MapCheck: Map check complete: 0 Error(s), 0 Warning(s), took 0.205ms to complete.
[2022.11.01-21.19.31:322][  0]LogFileHelpers: Loading map 'FirstPersonExampleMap' took 0.433
[2022.11.01-21.19.31:332][  0]LogUnrealEdMisc: Total Editor Startup Time, took 9655.344
[2022.11.01-21.19.31:427][  0]LogSlate: Updating window title bar state: overlay mode, drag disabled, window buttons hidden, title bar hidden
[2022.11.01-21.19.31:433][  0]LogSlate: Updating window title bar state: overlay mode, drag disabled, window buttons hidden, title bar hidden
[2022.11.01-21.19.31:439][  0]LogSlate: Updating window title bar state: overlay mode, drag disabled, window buttons hidden, title bar hidden
[2022.11.01-21.19.31:444][  0]LogSlate: Updating window title bar state: overlay mode, drag disabled, window buttons hidden, title bar hidden
[2022.11.01-21.19.31:470][  0]LogNativeClassHierarchy: Verbose: Native class hierarchy populated in 0.0175 seconds. Added 3822 classes and 928 folders.
[2022.11.01-21.19.31:473][  0]LogNativeClassHierarchy: Verbose: Native class hierarchy updated for 'WidgetCarousel' in 0.0003 seconds. Added 0 classes and 0 folders.
[2022.11.01-21.19.31:477][  0]LogPakFile: PakFile PrimaryIndexSize=187
[2022.11.01-21.19.31:477][  0]LogPakFile: PakFile PathHashIndexSize=101
[2022.11.01-21.19.31:477][  0]LogPakFile: PakFile FullDirectoryIndexSize=148
[2022.11.01-21.19.31:477][  0]LogShaderLibrary: Display: ShaderCodeLibraryPakFileMountedCallback: PakFile 'C:/Program Files/Epic Games/UE_4.27/FeaturePacks/FP_FirstPerson.upack' (chunk index -1, root 'root:/') mounted
[2022.11.01-21.19.31:477][  0]LogShaderLibrary: Display: ShaderCodeLibraryPakFileMountedCallback: pending pak file info (ChunkID:-1 Root:root:/ File:C:/Program Files/Epic Games/UE_4.27/FeaturePacks/FP_FirstPerson.upack)
[2022.11.01-21.19.31:477][  0]LogPakFile: OnPakFileMounted2Time == 0.000060
[2022.11.01-21.19.31:478][  0]LogPakFile: PakFile PrimaryIndexSize=189
[2022.11.01-21.19.31:478][  0]LogPakFile: PakFile PathHashIndexSize=101
[2022.11.01-21.19.31:478][  0]LogPakFile: PakFile FullDirectoryIndexSize=152
[2022.11.01-21.19.31:478][  0]LogShaderLibrary: Display: ShaderCodeLibraryPakFileMountedCallback: PakFile 'C:/Program Files/Epic Games/UE_4.27/FeaturePacks/FP_FirstPersonBP.upack' (chunk index -1, root 'root:/') mounted
[2022.11.01-21.19.31:478][  0]LogShaderLibrary: Display: ShaderCodeLibraryPakFileMountedCallback: pending pak file info (ChunkID:-1 Root:root:/ File:C:/Program Files/Epic Games/UE_4.27/FeaturePacks/FP_FirstPersonBP.upack)
[2022.11.01-21.19.31:478][  0]LogPakFile: OnPakFileMounted2Time == 0.000043
[2022.11.01-21.19.31:479][  0]LogPakFile: PakFile PrimaryIndexSize=191
[2022.11.01-21.19.31:479][  0]LogPakFile: PakFile PathHashIndexSize=101
[2022.11.01-21.19.31:479][  0]LogPakFile: PakFile FullDirectoryIndexSize=160
[2022.11.01-21.19.31:479][  0]LogShaderLibrary: Display: ShaderCodeLibraryPakFileMountedCallback: PakFile 'C:/Program Files/Epic Games/UE_4.27/FeaturePacks/MobileStarterContent.upack' (chunk index -1, root 'root:/') mounted
[2022.11.01-21.19.31:479][  0]LogShaderLibrary: Display: ShaderCodeLibraryPakFileMountedCallback: pending pak file info (ChunkID:-1 Root:root:/ File:C:/Program Files/Epic Games/UE_4.27/FeaturePacks/MobileStarterContent.upack)
[2022.11.01-21.19.31:479][  0]LogPakFile: OnPakFileMounted2Time == 0.000038
[2022.11.01-21.19.31:479][  0]LogPakFile: PakFile PrimaryIndexSize=185
[2022.11.01-21.19.31:479][  0]LogPakFile: PakFile PathHashIndexSize=101
[2022.11.01-21.19.31:480][  0]LogPakFile: PakFile FullDirectoryIndexSize=148
[2022.11.01-21.19.31:480][  0]LogShaderLibrary: Display: ShaderCodeLibraryPakFileMountedCallback: PakFile 'C:/Program Files/Epic Games/UE_4.27/FeaturePacks/StarterContent.upack' (chunk index -1, root 'root:/') mounted
[2022.11.01-21.19.31:480][  0]LogShaderLibrary: Display: ShaderCodeLibraryPakFileMountedCallback: pending pak file info (ChunkID:-1 Root:root:/ File:C:/Program Files/Epic Games/UE_4.27/FeaturePacks/StarterContent.upack)
[2022.11.01-21.19.31:480][  0]LogPakFile: OnPakFileMounted2Time == 0.000039
[2022.11.01-21.19.31:480][  0]LogPakFile: PakFile PrimaryIndexSize=190
[2022.11.01-21.19.31:480][  0]LogPakFile: PakFile PathHashIndexSize=101
[2022.11.01-21.19.31:480][  0]LogPakFile: PakFile FullDirectoryIndexSize=154
[2022.11.01-21.19.31:480][  0]LogShaderLibrary: Display: ShaderCodeLibraryPakFileMountedCallback: PakFile 'C:/Program Files/Epic Games/UE_4.27/FeaturePacks/TP_2DSideScroller.upack' (chunk index -1, root 'root:/') mounted
[2022.11.01-21.19.31:480][  0]LogShaderLibrary: Display: ShaderCodeLibraryPakFileMountedCallback: pending pak file info (ChunkID:-1 Root:root:/ File:C:/Program Files/Epic Games/UE_4.27/FeaturePacks/TP_2DSideScroller.upack)
[2022.11.01-21.19.31:480][  0]LogPakFile: OnPakFileMounted2Time == 0.000042
[2022.11.01-21.19.31:481][  0]LogPakFile: PakFile PrimaryIndexSize=192
[2022.11.01-21.19.31:481][  0]LogPakFile: PakFile PathHashIndexSize=101
[2022.11.01-21.19.31:481][  0]LogPakFile: PakFile FullDirectoryIndexSize=158
[2022.11.01-21.19.31:481][  0]LogShaderLibrary: Display: ShaderCodeLibraryPakFileMountedCallback: PakFile 'C:/Program Files/Epic Games/UE_4.27/FeaturePacks/TP_2DSideScrollerBP.upack' (chunk index -1, root 'root:/') mounted
[2022.11.01-21.19.31:481][  0]LogShaderLibrary: Display: ShaderCodeLibraryPakFileMountedCallback: pending pak file info (ChunkID:-1 Root:root:/ File:C:/Program Files/Epic Games/UE_4.27/FeaturePacks/TP_2DSideScrollerBP.upack)
[2022.11.01-21.19.31:481][  0]LogPakFile: OnPakFileMounted2Time == 0.000045
[2022.11.01-21.19.31:482][  0]LogPakFile: PakFile PrimaryIndexSize=182
[2022.11.01-21.19.31:482][  0]LogPakFile: PakFile PathHashIndexSize=101
[2022.11.01-21.19.31:482][  0]LogPakFile: PakFile FullDirectoryIndexSize=138
[2022.11.01-21.19.31:482][  0]LogShaderLibrary: Display: ShaderCodeLibraryPakFileMountedCallback: PakFile 'C:/Program Files/Epic Games/UE_4.27/FeaturePacks/TP_Flying.upack' (chunk index -1, root 'root:/') mounted
[2022.11.01-21.19.31:482][  0]LogShaderLibrary: Display: ShaderCodeLibraryPakFileMountedCallback: pending pak file info (ChunkID:-1 Root:root:/ File:C:/Program Files/Epic Games/UE_4.27/FeaturePacks/TP_Flying.upack)
[2022.11.01-21.19.31:482][  0]LogPakFile: OnPakFileMounted2Time == 0.000037
[2022.11.01-21.19.31:482][  0]LogPakFile: PakFile PrimaryIndexSize=184
[2022.11.01-21.19.31:482][  0]LogPakFile: PakFile PathHashIndexSize=101
[2022.11.01-21.19.31:482][  0]LogPakFile: PakFile FullDirectoryIndexSize=142
[2022.11.01-21.19.31:482][  0]LogShaderLibrary: Display: ShaderCodeLibraryPakFileMountedCallback: PakFile 'C:/Program Files/Epic Games/UE_4.27/FeaturePacks/TP_FlyingBP.upack' (chunk index -1, root 'root:/') mounted
[2022.11.01-21.19.31:482][  0]LogShaderLibrary: Display: ShaderCodeLibraryPakFileMountedCallback: pending pak file info (ChunkID:-1 Root:root:/ File:C:/Program Files/Epic Games/UE_4.27/FeaturePacks/TP_FlyingBP.upack)
[2022.11.01-21.19.31:482][  0]LogPakFile: OnPakFileMounted2Time == 0.000035
[2022.11.01-21.19.31:483][  0]LogPakFile: PakFile PrimaryIndexSize=188
[2022.11.01-21.19.31:483][  0]LogPakFile: PakFile PathHashIndexSize=101
[2022.11.01-21.19.31:483][  0]LogPakFile: PakFile FullDirectoryIndexSize=150
[2022.11.01-21.19.31:483][  0]LogShaderLibrary: Display: ShaderCodeLibraryPakFileMountedCallback: PakFile 'C:/Program Files/Epic Games/UE_4.27/FeaturePacks/TP_HandheldARBP.upack' (chunk index -1, root 'root:/') mounted
[2022.11.01-21.19.31:483][  0]LogShaderLibrary: Display: ShaderCodeLibraryPakFileMountedCallback: pending pak file info (ChunkID:-1 Root:root:/ File:C:/Program Files/Epic Games/UE_4.27/FeaturePacks/TP_HandheldARBP.upack)
[2022.11.01-21.19.31:483][  0]LogPakFile: OnPakFileMounted2Time == 0.000039
[2022.11.01-21.19.31:485][  0]LogPakFile: PakFile PrimaryIndexSize=182
[2022.11.01-21.19.31:485][  0]LogPakFile: PakFile PathHashIndexSize=101
[2022.11.01-21.19.31:485][  0]LogPakFile: PakFile FullDirectoryIndexSize=138
[2022.11.01-21.19.31:485][  0]LogShaderLibrary: Display: ShaderCodeLibraryPakFileMountedCallback: PakFile 'C:/Program Files/Epic Games/UE_4.27/FeaturePacks/TP_Puzzle.upack' (chunk index -1, root 'root:/') mounted
[2022.11.01-21.19.31:485][  0]LogShaderLibrary: Display: ShaderCodeLibraryPakFileMountedCallback: pending pak file info (ChunkID:-1 Root:root:/ File:C:/Program Files/Epic Games/UE_4.27/FeaturePacks/TP_Puzzle.upack)
[2022.11.01-21.19.31:485][  0]LogPakFile: OnPakFileMounted2Time == 0.000037
[2022.11.01-21.19.31:486][  0]LogPakFile: PakFile PrimaryIndexSize=184
[2022.11.01-21.19.31:486][  0]LogPakFile: PakFile PathHashIndexSize=101
[2022.11.01-21.19.31:486][  0]LogPakFile: PakFile FullDirectoryIndexSize=142
[2022.11.01-21.19.31:486][  0]LogShaderLibrary: Display: ShaderCodeLibraryPakFileMountedCallback: PakFile 'C:/Program Files/Epic Games/UE_4.27/FeaturePacks/TP_PuzzleBP.upack' (chunk index -1, root 'root:/') mounted
[2022.11.01-21.19.31:486][  0]LogShaderLibrary: Display: ShaderCodeLibraryPakFileMountedCallback: pending pak file info (ChunkID:-1 Root:root:/ File:C:/Program Files/Epic Games/UE_4.27/FeaturePacks/TP_PuzzleBP.upack)
[2022.11.01-21.19.31:486][  0]LogPakFile: OnPakFileMounted2Time == 0.000038
[2022.11.01-21.19.31:486][  0]LogPakFile: PakFile PrimaryIndexSize=183
[2022.11.01-21.19.31:486][  0]LogPakFile: PakFile PathHashIndexSize=101
[2022.11.01-21.19.31:486][  0]LogPakFile: PakFile FullDirectoryIndexSize=140
[2022.11.01-21.19.31:486][  0]LogShaderLibrary: Display: ShaderCodeLibraryPakFileMountedCallback: PakFile 'C:/Program Files/Epic Games/UE_4.27/FeaturePacks/TP_Rolling.upack' (chunk index -1, root 'root:/') mounted
[2022.11.01-21.19.31:486][  0]LogShaderLibrary: Display: ShaderCodeLibraryPakFileMountedCallback: pending pak file info (ChunkID:-1 Root:root:/ File:C:/Program Files/Epic Games/UE_4.27/FeaturePacks/TP_Rolling.upack)
[2022.11.01-21.19.31:486][  0]LogPakFile: OnPakFileMounted2Time == 0.000037
[2022.11.01-21.19.31:487][  0]LogPakFile: PakFile PrimaryIndexSize=185
[2022.11.01-21.19.31:487][  0]LogPakFile: PakFile PathHashIndexSize=101
[2022.11.01-21.19.31:487][  0]LogPakFile: PakFile FullDirectoryIndexSize=144
[2022.11.01-21.19.31:487][  0]LogShaderLibrary: Display: ShaderCodeLibraryPakFileMountedCallback: PakFile 'C:/Program Files/Epic Games/UE_4.27/FeaturePacks/TP_RollingBP.upack' (chunk index -1, root 'root:/') mounted
[2022.11.01-21.19.31:487][  0]LogShaderLibrary: Display: ShaderCodeLibraryPakFileMountedCallback: pending pak file info (ChunkID:-1 Root:root:/ File:C:/Program Files/Epic Games/UE_4.27/FeaturePacks/TP_RollingBP.upack)
[2022.11.01-21.19.31:487][  0]LogPakFile: OnPakFileMounted2Time == 0.000035
[2022.11.01-21.19.31:488][  0]LogPakFile: PakFile PrimaryIndexSize=188
[2022.11.01-21.19.31:488][  0]LogPakFile: PakFile PathHashIndexSize=101
[2022.11.01-21.19.31:488][  0]LogPakFile: PakFile FullDirectoryIndexSize=150
[2022.11.01-21.19.31:488][  0]LogShaderLibrary: Display: ShaderCodeLibraryPakFileMountedCallback: PakFile 'C:/Program Files/Epic Games/UE_4.27/FeaturePacks/TP_SideScroller.upack' (chunk index -1, root 'root:/') mounted
[2022.11.01-21.19.31:488][  0]LogShaderLibrary: Display: ShaderCodeLibraryPakFileMountedCallback: pending pak file info (ChunkID:-1 Root:root:/ File:C:/Program Files/Epic Games/UE_4.27/FeaturePacks/TP_SideScroller.upack)
[2022.11.01-21.19.31:488][  0]LogPakFile: OnPakFileMounted2Time == 0.000047
[2022.11.01-21.19.31:488][  0]LogPakFile: PakFile PrimaryIndexSize=190
[2022.11.01-21.19.31:488][  0]LogPakFile: PakFile PathHashIndexSize=101
[2022.11.01-21.19.31:488][  0]LogPakFile: PakFile FullDirectoryIndexSize=154
[2022.11.01-21.19.31:488][  0]LogShaderLibrary: Display: ShaderCodeLibraryPakFileMountedCallback: PakFile 'C:/Program Files/Epic Games/UE_4.27/FeaturePacks/TP_SideScrollerBP.upack' (chunk index -1, root 'root:/') mounted
[2022.11.01-21.19.31:488][  0]LogShaderLibrary: Display: ShaderCodeLibraryPakFileMountedCallback: pending pak file info (ChunkID:-1 Root:root:/ File:C:/Program Files/Epic Games/UE_4.27/FeaturePacks/TP_SideScrollerBP.upack)
[2022.11.01-21.19.31:489][  0]LogPakFile: OnPakFileMounted2Time == 0.000218
[2022.11.01-21.19.31:490][  0]LogPakFile: PakFile PrimaryIndexSize=187
[2022.11.01-21.19.31:490][  0]LogPakFile: PakFile PathHashIndexSize=101
[2022.11.01-21.19.31:490][  0]LogPakFile: PakFile FullDirectoryIndexSize=148
[2022.11.01-21.19.31:490][  0]LogShaderLibrary: Display: ShaderCodeLibraryPakFileMountedCallback: PakFile 'C:/Program Files/Epic Games/UE_4.27/FeaturePacks/TP_ThirdPerson.upack' (chunk index -1, root 'root:/') mounted
[2022.11.01-21.19.31:490][  0]LogShaderLibrary: Display: ShaderCodeLibraryPakFileMountedCallback: pending pak file info (ChunkID:-1 Root:root:/ File:C:/Program Files/Epic Games/UE_4.27/FeaturePacks/TP_ThirdPerson.upack)
[2022.11.01-21.19.31:490][  0]LogPakFile: OnPakFileMounted2Time == 0.000050
[2022.11.01-21.19.31:490][  0]LogPakFile: PakFile PrimaryIndexSize=189
[2022.11.01-21.19.31:490][  0]LogPakFile: PakFile PathHashIndexSize=101
[2022.11.01-21.19.31:490][  0]LogPakFile: PakFile FullDirectoryIndexSize=152
[2022.11.01-21.19.31:490][  0]LogShaderLibrary: Display: ShaderCodeLibraryPakFileMountedCallback: PakFile 'C:/Program Files/Epic Games/UE_4.27/FeaturePacks/TP_ThirdPersonBP.upack' (chunk index -1, root 'root:/') mounted
[2022.11.01-21.19.31:491][  0]LogShaderLibrary: Display: ShaderCodeLibraryPakFileMountedCallback: pending pak file info (ChunkID:-1 Root:root:/ File:C:/Program Files/Epic Games/UE_4.27/FeaturePacks/TP_ThirdPersonBP.upack)
[2022.11.01-21.19.31:491][  0]LogPakFile: OnPakFileMounted2Time == 0.000041
[2022.11.01-21.19.31:491][  0]LogPakFile: PakFile PrimaryIndexSize=183
[2022.11.01-21.19.31:491][  0]LogPakFile: PakFile PathHashIndexSize=101
[2022.11.01-21.19.31:491][  0]LogPakFile: PakFile FullDirectoryIndexSize=140
[2022.11.01-21.19.31:491][  0]LogShaderLibrary: Display: ShaderCodeLibraryPakFileMountedCallback: PakFile 'C:/Program Files/Epic Games/UE_4.27/FeaturePacks/TP_TopDown.upack' (chunk index -1, root 'root:/') mounted
[2022.11.01-21.19.31:491][  0]LogShaderLibrary: Display: ShaderCodeLibraryPakFileMountedCallback: pending pak file info (ChunkID:-1 Root:root:/ File:C:/Program Files/Epic Games/UE_4.27/FeaturePacks/TP_TopDown.upack)
[2022.11.01-21.19.31:491][  0]LogPakFile: OnPakFileMounted2Time == 0.000048
[2022.11.01-21.19.31:492][  0]LogPakFile: PakFile PrimaryIndexSize=185
[2022.11.01-21.19.31:492][  0]LogPakFile: PakFile PathHashIndexSize=101
[2022.11.01-21.19.31:492][  0]LogPakFile: PakFile FullDirectoryIndexSize=144
[2022.11.01-21.19.31:492][  0]LogShaderLibrary: Display: ShaderCodeLibraryPakFileMountedCallback: PakFile 'C:/Program Files/Epic Games/UE_4.27/FeaturePacks/TP_TopDownBP.upack' (chunk index -1, root 'root:/') mounted
[2022.11.01-21.19.31:492][  0]LogShaderLibrary: Display: ShaderCodeLibraryPakFileMountedCallback: pending pak file info (ChunkID:-1 Root:root:/ File:C:/Program Files/Epic Games/UE_4.27/FeaturePacks/TP_TopDownBP.upack)
[2022.11.01-21.19.31:492][  0]LogPakFile: OnPakFileMounted2Time == 0.000043
[2022.11.01-21.19.31:493][  0]LogPakFile: PakFile PrimaryIndexSize=185
[2022.11.01-21.19.31:493][  0]LogPakFile: PakFile PathHashIndexSize=101
[2022.11.01-21.19.31:493][  0]LogPakFile: PakFile FullDirectoryIndexSize=144
[2022.11.01-21.19.31:493][  0]LogShaderLibrary: Display: ShaderCodeLibraryPakFileMountedCallback: PakFile 'C:/Program Files/Epic Games/UE_4.27/FeaturePacks/TP_TwinStick.upack' (chunk index -1, root 'root:/') mounted
[2022.11.01-21.19.31:493][  0]LogShaderLibrary: Display: ShaderCodeLibraryPakFileMountedCallback: pending pak file info (ChunkID:-1 Root:root:/ File:C:/Program Files/Epic Games/UE_4.27/FeaturePacks/TP_TwinStick.upack)
[2022.11.01-21.19.31:493][  0]LogPakFile: OnPakFileMounted2Time == 0.000038
[2022.11.01-21.19.31:493][  0]LogPakFile: PakFile PrimaryIndexSize=187
[2022.11.01-21.19.31:493][  0]LogPakFile: PakFile PathHashIndexSize=101
[2022.11.01-21.19.31:493][  0]LogPakFile: PakFile FullDirectoryIndexSize=148
[2022.11.01-21.19.31:493][  0]LogShaderLibrary: Display: ShaderCodeLibraryPakFileMountedCallback: PakFile 'C:/Program Files/Epic Games/UE_4.27/FeaturePacks/TP_TwinStickBP.upack' (chunk index -1, root 'root:/') mounted
[2022.11.01-21.19.31:493][  0]LogShaderLibrary: Display: ShaderCodeLibraryPakFileMountedCallback: pending pak file info (ChunkID:-1 Root:root:/ File:C:/Program Files/Epic Games/UE_4.27/FeaturePacks/TP_TwinStickBP.upack)
[2022.11.01-21.19.31:493][  0]LogPakFile: OnPakFileMounted2Time == 0.000037
[2022.11.01-21.19.31:494][  0]LogPakFile: PakFile PrimaryIndexSize=183
[2022.11.01-21.19.31:494][  0]LogPakFile: PakFile PathHashIndexSize=101
[2022.11.01-21.19.31:494][  0]LogPakFile: PakFile FullDirectoryIndexSize=140
[2022.11.01-21.19.31:494][  0]LogShaderLibrary: Display: ShaderCodeLibraryPakFileMountedCallback: PakFile 'C:/Program Files/Epic Games/UE_4.27/FeaturePacks/TP_Vehicle.upack' (chunk index -1, root 'root:/') mounted
[2022.11.01-21.19.31:494][  0]LogShaderLibrary: Display: ShaderCodeLibraryPakFileMountedCallback: pending pak file info (ChunkID:-1 Root:root:/ File:C:/Program Files/Epic Games/UE_4.27/FeaturePacks/TP_Vehicle.upack)
[2022.11.01-21.19.31:494][  0]LogPakFile: OnPakFileMounted2Time == 0.000041
[2022.11.01-21.19.31:494][  0]LogPakFile: PakFile PrimaryIndexSize=186
[2022.11.01-21.19.31:494][  0]LogPakFile: PakFile PathHashIndexSize=101
[2022.11.01-21.19.31:494][  0]LogPakFile: PakFile FullDirectoryIndexSize=146
[2022.11.01-21.19.31:494][  0]LogShaderLibrary: Display: ShaderCodeLibraryPakFileMountedCallback: PakFile 'C:/Program Files/Epic Games/UE_4.27/FeaturePacks/TP_VehicleAdv.upack' (chunk index -1, root 'root:/') mounted
[2022.11.01-21.19.31:494][  0]LogShaderLibrary: Display: ShaderCodeLibraryPakFileMountedCallback: pending pak file info (ChunkID:-1 Root:root:/ File:C:/Program Files/Epic Games/UE_4.27/FeaturePacks/TP_VehicleAdv.upack)
[2022.11.01-21.19.31:494][  0]LogPakFile: OnPakFileMounted2Time == 0.000047
[2022.11.01-21.19.31:494][  0]LogPakFile: PakFile PrimaryIndexSize=188
[2022.11.01-21.19.31:494][  0]LogPakFile: PakFile PathHashIndexSize=101
[2022.11.01-21.19.31:494][  0]LogPakFile: PakFile FullDirectoryIndexSize=150
[2022.11.01-21.19.31:494][  0]LogShaderLibrary: Display: ShaderCodeLibraryPakFileMountedCallback: PakFile 'C:/Program Files/Epic Games/UE_4.27/FeaturePacks/TP_VehicleAdvBP.upack' (chunk index -1, root 'root:/') mounted
[2022.11.01-21.19.31:494][  0]LogShaderLibrary: Display: ShaderCodeLibraryPakFileMountedCallback: pending pak file info (ChunkID:-1 Root:root:/ File:C:/Program Files/Epic Games/UE_4.27/FeaturePacks/TP_VehicleAdvBP.upack)
[2022.11.01-21.19.31:495][  0]LogPakFile: OnPakFileMounted2Time == 0.000041
[2022.11.01-21.19.31:495][  0]LogPakFile: PakFile PrimaryIndexSize=185
[2022.11.01-21.19.31:495][  0]LogPakFile: PakFile PathHashIndexSize=101
[2022.11.01-21.19.31:495][  0]LogPakFile: PakFile FullDirectoryIndexSize=144
[2022.11.01-21.19.31:495][  0]LogShaderLibrary: Display: ShaderCodeLibraryPakFileMountedCallback: PakFile 'C:/Program Files/Epic Games/UE_4.27/FeaturePacks/TP_VehicleBP.upack' (chunk index -1, root 'root:/') mounted
[2022.11.01-21.19.31:495][  0]LogShaderLibrary: Display: ShaderCodeLibraryPakFileMountedCallback: pending pak file info (ChunkID:-1 Root:root:/ File:C:/Program Files/Epic Games/UE_4.27/FeaturePacks/TP_VehicleBP.upack)
[2022.11.01-21.19.31:495][  0]LogPakFile: OnPakFileMounted2Time == 0.000043
[2022.11.01-21.19.31:496][  0]LogPakFile: PakFile PrimaryIndexSize=192
[2022.11.01-21.19.31:496][  0]LogPakFile: PakFile PathHashIndexSize=101
[2022.11.01-21.19.31:496][  0]LogPakFile: PakFile FullDirectoryIndexSize=158
[2022.11.01-21.19.31:496][  0]LogShaderLibrary: Display: ShaderCodeLibraryPakFileMountedCallback: PakFile 'C:/Program Files/Epic Games/UE_4.27/FeaturePacks/TP_VirtualRealityBP.upack' (chunk index -1, root 'root:/') mounted
[2022.11.01-21.19.31:496][  0]LogShaderLibrary: Display: ShaderCodeLibraryPakFileMountedCallback: pending pak file info (ChunkID:-1 Root:root:/ File:C:/Program Files/Epic Games/UE_4.27/FeaturePacks/TP_VirtualRealityBP.upack)
[2022.11.01-21.19.31:496][  0]LogPakFile: OnPakFileMounted2Time == 0.000044
[2022.11.01-21.19.31:578][  0]LogNativeClassHierarchy: Verbose: Native class hierarchy updated for 'AddContentDialog' in 0.0003 seconds. Added 0 classes and 0 folders.
[2022.11.01-21.19.31:579][  0]LogNativeClassHierarchy: Verbose: Native class hierarchy updated for 'SceneOutliner' in 0.0003 seconds. Added 2 classes and 0 folders.
[2022.11.01-21.19.31:623][  0]LogSlate: Took 0.000320 seconds to synchronously load lazily loaded font '../../../Engine/Content/Editor/Slate/Fonts/FontAwesome.ttf' (139K)
[2022.11.01-21.19.31:624][  0]LogSlate: Took 0.000397 seconds to synchronously load lazily loaded font '../../../Engine/Content/Slate/Fonts/Roboto-Bold.ttf' (160K)
[2022.11.01-21.19.31:680][  0]LogRenderer: Reallocating scene render targets to support 1712x808 Format 10 NumSamples 1 (Frame:1).
[2022.11.01-21.19.31:985][  0]LogNativeClassHierarchy: Verbose: Native class hierarchy updated for 'HierarchicalLODOutliner' in 0.0004 seconds. Added 0 classes and 0 folders.
[2022.11.01-21.19.31:985][  0]LogLoad: (Engine Initialization) Total time: 9656.00 seconds
[2022.11.01-21.19.31:985][  0]LogLoad: (Engine Initialization) Total Blueprint compile time: 0.00 seconds
[2022.11.01-21.19.32:050][  0]LogContentStreaming: Texture pool size now 1000 MB
[2022.11.01-21.19.32:312][  1]LogEditorViewport: Clicking on Actor (LMB): StaticMeshActor (Floor)
[2022.11.01-21.19.32:381][  1]LogAssetRegistry: Asset discovery search completed in 9652.0721 seconds
[2022.11.01-21.19.32:389][  1]LogCollectionManager: Fixed up redirectors for 0 collections in 0.000005 seconds (updated 0 objects)
[2022.11.01-21.19.32:603][  3]LogDirectoryWatcher: Display: A directory notification failed for 'C:/Users/megnabb2/Documents/Unreal Projects/CS415FinalProject/Content/Collections/' because it could not be accessed. Aborting watch request...
[2022.11.01-21.19.32:603][  3]LogDirectoryWatcher: Display: A directory notification failed for 'C:/Users/megnabb2/Documents/Unreal Projects/CS415FinalProject/Content/Developers/megnabb2/Collections/' because it could not be accessed. Aborting watch request...
[2022.11.01-21.19.32:604][  3]LogDirectoryWatcher: Display: A directory notification failed for 'C:/Users/megnabb2/Documents/Unreal Projects/CS415FinalProject/Saved/Collections/' because it could not be accessed. Aborting watch request...
[2022.11.01-21.19.32:604][  3]LogDirectoryWatcher: Display: A directory notification failed for '../../../../../../Users/megnabb2/Documents/Unreal Projects/CS415FinalProject/Content/' because it was empty or there was a buffer overflow. Attemping another request...
[2022.11.01-21.19.32:604][  3]LogDirectoryWatcher: Display: A directory notification failed for '../../../../../../Users/megnabb2/Documents/Unreal Projects/CS415FinalProject/Content/' because it was empty or there was a buffer overflow. Attemping another request...
[2022.11.01-21.19.32:607][  3]LogDirectoryWatcher: Display: A directory notification failed for 'C:/Users/megnabb2/Documents/Unreal Projects/CS415FinalProject/Content/' because it was empty or there was a buffer overflow. Attemping another request...
[2022.11.01-21.19.33:245][ 50]LogUObjectHash: Compacting FUObjectHashTables data took   0.64ms
[2022.11.01-21.19.33:260][ 50]LogSlate: Window 'CS415FinalProject - Unreal Editor' being destroyed
[2022.11.01-21.19.33:347][ 51]Cmd: QUIT_EDITOR
[2022.11.01-21.19.33:347][ 51]LogCore: Engine exit requested (reason: UUnrealEdEngine::CloseEditor())
[2022.11.01-21.19.33:352][ 51]LogCore: Engine exit requested (reason: EngineExit() was called; note: exit was already requested)
[2022.11.01-21.19.33:356][ 51]LogAudio: Display: Beginning Audio Device Manager Shutdown (Module: AudioMixerXAudio2)...
[2022.11.01-21.19.33:356][ 51]LogAudio: Display: Destroying 1 Remaining Audio Device(s)...
[2022.11.01-21.19.33:356][ 51]LogAudio: Display: Audio Device unregistered from world 'FirstPersonExampleMap'.
[2022.11.01-21.19.33:356][ 51]LogAudioMixer: FMixerPlatformXAudio2::StopAudioStream() called
[2022.11.01-21.19.33:357][ 51]LogAudioMixer: FMixerPlatformXAudio2::StopAudioStream() called
[2022.11.01-21.19.33:369][ 51]LogAudio: Display: Audio Device Manager Shutdown
[2022.11.01-21.19.40:281][ 51]LogWindows: Error: === Critical error: ===
[2022.11.01-21.19.40:281][ 51]LogWindows: Error: 
[2022.11.01-21.19.40:281][ 51]LogWindows: Error: Fatal error!
[2022.11.01-21.19.40:281][ 51]LogWindows: Error: 
[2022.11.01-21.19.40:281][ 51]LogWindows: Error: Unhandled Exception: EXCEPTION_ACCESS_VIOLATION reading address 0x0000000000000000
[2022.11.01-21.19.40:281][ 51]LogWindows: Error: 
[2022.11.01-21.19.40:281][ 51]LogWindows: Error: [Callstack] 0x00007ffdadf6cee5 msctf.dll!UnknownFunction []
[2022.11.01-21.19.40:281][ 51]LogWindows: Error: [Callstack] 0x00007ffdadf774f9 msctf.dll!UnknownFunction []
[2022.11.01-21.19.40:281][ 51]LogWindows: Error: [Callstack] 0x00007ffdadf6bdb6 msctf.dll!UnknownFunction []
[2022.11.01-21.19.40:281][ 51]LogWindows: Error: [Callstack] 0x00007ffdadf78828 msctf.dll!UnknownFunction []
[2022.11.01-21.19.40:281][ 51]LogWindows: Error: [Callstack] 0x00007ffdadf75e54 msctf.dll!UnknownFunction []
[2022.11.01-21.19.40:281][ 51]LogWindows: Error: [Callstack] 0x00007ffdadf75d73 msctf.dll!UnknownFunction []
[2022.11.01-21.19.40:281][ 51]LogWindows: Error: [Callstack] 0x00007ffdadf75c0f msctf.dll!UnknownFunction []
[2022.11.01-21.19.40:281][ 51]LogWindows: Error: [Callstack] 0x00007ffdadb63b52 IMM32.dll!UnknownFunction []
[2022.11.01-21.19.40:281][ 51]LogWindows: Error: [Callstack] 0x00007ffdadb67dfc IMM32.dll!UnknownFunction []
[2022.11.01-21.19.40:281][ 51]LogWindows: Error: [Callstack] 0x00007ffdadf629ac msctf.dll!UnknownFunction []
[2022.11.01-21.19.40:281][ 51]LogWindows: Error: [Callstack] 0x00007ffdadf83155 msctf.dll!UnknownFunction []
[2022.11.01-21.19.40:281][ 51]LogWindows: Error: [Callstack] 0x00007ffdadf9b000 msctf.dll!UnknownFunction []
[2022.11.01-21.19.40:281][ 51]LogWindows: Error: [Callstack] 0x00007ffdadb699cc IMM32.dll!UnknownFunction []
[2022.11.01-21.19.40:281][ 51]LogWindows: Error: [Callstack] 0x00007ffdadb69e9e IMM32.dll!UnknownFunction []
[2022.11.01-21.19.40:281][ 51]LogWindows: Error: [Callstack] 0x00007ffd87c6bf50 UE4Editor-ApplicationCore.dll!UnknownFunction []
[2022.11.01-21.19.40:281][ 51]LogWindows: Error: [Callstack] 0x00007ffd87c3aa6b UE4Editor-ApplicationCore.dll!UnknownFunction []
[2022.11.01-21.19.40:281][ 51]LogWindows: Error: [Callstack] 0x00007ffd87c3fd9a UE4Editor-ApplicationCore.dll!UnknownFunction []
[2022.11.01-21.19.40:281][ 51]LogWindows: Error: [Callstack] 0x00007ffd3b7b601d UE4Editor-Slate.dll!UnknownFunction []
[2022.11.01-21.19.40:281][ 51]LogWindows: Error: [Callstack] 0x00007ff7945203be UE4Editor.exe!UnknownFunction []
[2022.11.01-21.19.40:281][ 51]LogWindows: Error: [Callstack] 0x00007ff794521063 UE4Editor.exe!UnknownFunction []
[2022.11.01-21.19.40:281][ 51]LogWindows: Error: [Callstack] 0x00007ff7945210ba UE4Editor.exe!UnknownFunction []
[2022.11.01-21.19.40:281][ 51]LogWindows: Error: [Callstack] 0x00007ff7945240dd UE4Editor.exe!UnknownFunction []
[2022.11.01-21.19.40:281][ 51]LogWindows: Error: [Callstack] 0x00007ff794535984 UE4Editor.exe!UnknownFunction []
[2022.11.01-21.19.40:282][ 51]LogWindows: Error: [Callstack] 0x00007ff79453853a UE4Editor.exe!UnknownFunction []
[2022.11.01-21.19.40:282][ 51]LogWindows: Error: [Callstack] 0x00007ffdad987034 KERNEL32.DLL!UnknownFunction []
[2022.11.01-21.19.40:282][ 51]LogWindows: Error: [Callstack] 0x00007ffdaf8c26a1 ntdll.dll!UnknownFunction []
[2022.11.01-21.19.40:282][ 51]LogWindows: Error: 
[2022.11.01-21.19.40:292][ 51]LogExit: Executing StaticShutdownAfterError
[2022.11.01-21.19.40:300][ 51]LogWindows: FPlatformMisc::RequestExit(1)
[2022.11.01-21.19.40:300][ 51]LogWindows: FPlatformMisc::RequestExitWithStatus(1, 3)
[2022.11.01-21.19.40:300][ 51]LogCore: Engine exit requested (reason: Win RequestExit; note: exit was already requested)
[2022.11.01-21.19.40:304][ 51]Log file closed, 11/01/22 16:19:40
